#
# A fatal error has been detected by the Java Runtime Environment:
#
#  EXCEPTION_ACCESS_VIOLATION (0xc0000005) at pc=0x0000000071bd6182, pid=13108, tid=0x0000000000003d6c
#
# JRE version: Java(TM) SE Runtime Environment (8.0_211-b12) (build 1.8.0_211-b12)
# Java VM: Java HotSpot(TM) 64-Bit Server VM (25.211-b12 mixed mode windows-amd64 compressed oops)
# Problematic frame:
# V  [jvm.dll+0x146182]
#
# Failed to write core dump. Minidumps are not enabled by default on client versions of Windows
#
# If you would like to submit a bug report, please visit:
#   http://bugreport.java.com/bugreport/crash.jsp
#

---------------  T H R E A D  ---------------

Current thread (0x000000001e1c0800):  JavaThread "AWT-EventQueue-0" [_thread_in_vm, id=15724, stack(0x000000001f9b0000,0x000000001fab0000)]

siginfo: ExceptionCode=0xc0000005, reading address 0x0000000000000000

Registers:
RAX=0x0000000000000000, RBX=0x000000001e1c0800, RCX=0x0000000000000080, RDX=0x0000000000000000
RSP=0x000000001faac950, RBP=0x0000000000000000, RSI=0x0000000000000000, RDI=0x0000000000000000
R8 =0x0000000000000000, R9 =0x000000076e2b3fc8, R10=0x000000000000000c, R11=0x00000000722a7940
R12=0x000000001faacaf0, R13=0x0000000020587290, R14=0x000000001faacaf0, R15=0x000000001e1c0800
RIP=0x0000000071bd6182, EFLAGS=0x0000000000010202

Top of Stack: (sp=0x000000001faac950)
0x000000001faac950:   000000001faac950 000000001bbfe65b
0x000000001faac960:   000000001faac9a0 000000001bbfe9f8
0x000000001faac970:   000000001e1c0800 0000000000000000
0x000000001faac980:   0000000000000000 0000000069341599
0x000000001faac990:   000000001faac9f8 000000000325835d
0x000000001faac9a0:   000000076d593360 0000000000000001
0x000000001faac9b0:   0000000000000000 000000001e1c09f8
0x000000001faac9c0:   0000000000000002 0000000069342090
0x000000001faac9d0:   0000000020734ec8 0000000000000000
0x000000001faac9e0:   000000001bbd6910 000000001e1c09f8
0x000000001faac9f0:   000000001faaca08 000000001faaca60
0x000000001faaca00:   000000000325835d 000000076d58e9e8
0x000000001faaca10:   0000000020587298 0000000000000002
0x000000001faaca20:   000000000325835d 000000001faacac8
0x000000001faaca30:   0000000000000000 00000000032697db
0x000000001faaca40:   0000000000000000 000000001bbfaa90 

Instructions: (pc=0x0000000071bd6182)
0x0000000071bd6162:   89 5c 24 20 48 89 74 24 28 48 39 73 08 74 0a 48
0x0000000071bd6172:   8d 4c 24 20 e8 05 8c 13 00 40 38 35 be 07 6d 00
0x0000000071bd6182:   48 8b 3f 48 63 05 08 67 6b 00 74 1b 8b 0c 38 85
0x0000000071bd6192:   c9 74 7c 8b c1 8b 0d bb 36 66 00 48 d3 e0 48 03 


Register to memory mapping:

RAX=0x0000000000000000 is an unknown value
RBX=0x000000001e1c0800 is a thread
RCX=0x0000000000000080 is an unknown value
RDX=0x0000000000000000 is an unknown value
RSP=0x000000001faac950 is pointing into the stack for thread: 0x000000001e1c0800
RBP=0x0000000000000000 is an unknown value
RSI=0x0000000000000000 is an unknown value
RDI=0x0000000000000000 is an unknown value
R8 =0x0000000000000000 is an unknown value
R9 =0x000000076e2b3fc8 is an oop
org.sqlite.NativeDB 
 - klass: 'org/sqlite/NativeDB'
R10=0x000000000000000c is an unknown value
R11=0x00000000722a7940 is an unknown value
R12=0x000000001faacaf0 is pointing into the stack for thread: 0x000000001e1c0800
R13=0x0000000020587290 is pointing into metadata
R14=0x000000001faacaf0 is pointing into the stack for thread: 0x000000001e1c0800
R15=0x000000001e1c0800 is a thread


Stack: [0x000000001f9b0000,0x000000001fab0000],  sp=0x000000001faac950,  free space=1010k
Native frames: (J=compiled Java code, j=interpreted, Vv=VM code, C=native code)

Java frames: (J=compiled Java code, j=interpreted, Vv=VM code)
j  org.sqlite.NativeDB.prepare(Ljava/lang/String;)J+0
j  org.sqlite.DB.prepare(Lorg/sqlite/Stmt;)V+21
j  org.sqlite.Stmt.executeQuery(Ljava/lang/String;)Ljava/sql/ResultSet;+14
j  Operaciones.Operaciones.consultar(Ljava/lang/String;)Ljava/sql/ResultSet;+13
j  Ventanas.RegistroUser.jButton1ActionPerformed(Ljava/awt/event/ActionEvent;)V+22
j  Ventanas.RegistroUser.access$200(LVentanas/RegistroUser;Ljava/awt/event/ActionEvent;)V+2
j  Ventanas.RegistroUser$3.actionPerformed(Ljava/awt/event/ActionEvent;)V+5
j  javax.swing.AbstractButton.fireActionPerformed(Ljava/awt/event/ActionEvent;)V+83
j  javax.swing.AbstractButton$Handler.actionPerformed(Ljava/awt/event/ActionEvent;)V+5
j  javax.swing.DefaultButtonModel.fireActionPerformed(Ljava/awt/event/ActionEvent;)V+34
j  javax.swing.DefaultButtonModel.setPressed(Z)V+117
j  javax.swing.plaf.basic.BasicButtonListener.mouseReleased(Ljava/awt/event/MouseEvent;)V+35
j  java.awt.Component.processMouseEvent(Ljava/awt/event/MouseEvent;)V+64
j  javax.swing.JComponent.processMouseEvent(Ljava/awt/event/MouseEvent;)V+23
j  java.awt.Component.processEvent(Ljava/awt/AWTEvent;)V+81
j  java.awt.Container.processEvent(Ljava/awt/AWTEvent;)V+18
j  java.awt.Component.dispatchEventImpl(Ljava/awt/AWTEvent;)V+589
j  java.awt.Container.dispatchEventImpl(Ljava/awt/AWTEvent;)V+42
j  java.awt.Component.dispatchEvent(Ljava/awt/AWTEvent;)V+2
j  java.awt.LightweightDispatcher.retargetMouseEvent(Ljava/awt/Component;ILjava/awt/event/MouseEvent;)V+349
j  java.awt.LightweightDispatcher.processMouseEvent(Ljava/awt/event/MouseEvent;)Z+155
j  java.awt.LightweightDispatcher.dispatchEvent(Ljava/awt/AWTEvent;)Z+50
j  java.awt.Container.dispatchEventImpl(Ljava/awt/AWTEvent;)V+12
j  java.awt.Window.dispatchEventImpl(Ljava/awt/AWTEvent;)V+19
j  java.awt.Component.dispatchEvent(Ljava/awt/AWTEvent;)V+2
j  java.awt.EventQueue.dispatchEventImpl(Ljava/awt/AWTEvent;Ljava/lang/Object;)V+41
j  java.awt.EventQueue.access$500(Ljava/awt/EventQueue;Ljava/awt/AWTEvent;Ljava/lang/Object;)V+3
j  java.awt.EventQueue$3.run()Ljava/lang/Void;+32
j  java.awt.EventQueue$3.run()Ljava/lang/Object;+1
v  ~StubRoutines::call_stub
J 834  java.security.AccessController.doPrivileged(Ljava/security/PrivilegedAction;Ljava/security/AccessControlContext;)Ljava/lang/Object; (0 bytes) @ 0x0000000003537226 [0x00000000035371c0+0x66]
J 893 C1 java.security.ProtectionDomain$JavaSecurityAccessImpl.doIntersectionPrivilege(Ljava/security/PrivilegedAction;Ljava/security/AccessControlContext;Ljava/security/AccessControlContext;)Ljava/lang/Object; (22 bytes) @ 0x000000000355b63c [0x000000000355b1c0+0x47c]
j  java.security.ProtectionDomain$JavaSecurityAccessImpl.doIntersectionPrivilege(Ljava/security/PrivilegedAction;Ljava/security/AccessControlContext;)Ljava/lang/Object;+6
j  java.awt.EventQueue$4.run()Ljava/lang/Void;+11
j  java.awt.EventQueue$4.run()Ljava/lang/Object;+1
v  ~StubRoutines::call_stub
J 834  java.security.AccessController.doPrivileged(Ljava/security/PrivilegedAction;Ljava/security/AccessControlContext;)Ljava/lang/Object; (0 bytes) @ 0x0000000003537226 [0x00000000035371c0+0x66]
J 938 C1 java.awt.EventQueue.dispatchEvent(Ljava/awt/AWTEvent;)V (80 bytes) @ 0x000000000357afbc [0x000000000357a100+0xebc]
J 941 C1 java.awt.EventDispatchThread.pumpOneEventForFilters(I)V (190 bytes) @ 0x000000000357d81c [0x000000000357c6c0+0x115c]
j  java.awt.EventDispatchThread.pumpEventsForFilter(ILjava/awt/Conditional;Ljava/awt/EventFilter;)V+35
j  java.awt.EventDispatchThread.pumpEventsForHierarchy(ILjava/awt/Conditional;Ljava/awt/Component;)V+11
j  java.awt.EventDispatchThread.pumpEvents(ILjava/awt/Conditional;)V+4
j  java.awt.EventDispatchThread.pumpEvents(Ljava/awt/Conditional;)V+3
j  java.awt.EventDispatchThread.run()V+9
v  ~StubRoutines::call_stub

---------------  P R O C E S S  ---------------

Java Threads: ( => current thread )
  0x000000000304e000 JavaThread "DestroyJavaVM" [_thread_blocked, id=14908, stack(0x0000000003050000,0x0000000003150000)]
=>0x000000001e1c0800 JavaThread "AWT-EventQueue-0" [_thread_in_vm, id=15724, stack(0x000000001f9b0000,0x000000001fab0000)]
  0x000000001e1b8000 JavaThread "AWT-Windows" daemon [_thread_in_native, id=15836, stack(0x000000001ef50000,0x000000001f050000)]
  0x000000001e1b5000 JavaThread "AWT-Shutdown" [_thread_blocked, id=12156, stack(0x000000001ee50000,0x000000001ef50000)]
  0x000000001e1b4000 JavaThread "Java2D Disposer" daemon [_thread_blocked, id=12200, stack(0x000000001ed50000,0x000000001ee50000)]
  0x000000001c4cd000 JavaThread "Service Thread" daemon [_thread_blocked, id=9120, stack(0x000000001e1e0000,0x000000001e2e0000)]
  0x000000001c484800 JavaThread "C1 CompilerThread2" daemon [_thread_blocked, id=13992, stack(0x000000001dce0000,0x000000001dde0000)]
  0x000000001c47c800 JavaThread "C2 CompilerThread1" daemon [_thread_blocked, id=6040, stack(0x000000001dbe0000,0x000000001dce0000)]
  0x000000001c478000 JavaThread "C2 CompilerThread0" daemon [_thread_blocked, id=13844, stack(0x000000001dae0000,0x000000001dbe0000)]
  0x000000001c475000 JavaThread "Attach Listener" daemon [_thread_blocked, id=3716, stack(0x000000001d9e0000,0x000000001dae0000)]
  0x000000001c474000 JavaThread "Signal Dispatcher" daemon [_thread_blocked, id=6944, stack(0x000000001d8e0000,0x000000001d9e0000)]
  0x000000000324c000 JavaThread "Finalizer" daemon [_thread_blocked, id=15060, stack(0x000000001d6c0000,0x000000001d7c0000)]
  0x0000000003243000 JavaThread "Reference Handler" daemon [_thread_blocked, id=8212, stack(0x000000001d5c0000,0x000000001d6c0000)]

Other Threads:
  0x000000001c438000 VMThread [stack: 0x000000001d4c0000,0x000000001d5c0000] [id=5776]
  0x000000001de40000 WatcherThread [stack: 0x000000001e450000,0x000000001e550000] [id=6436]

VM state:not at safepoint (normal execution)

VM Mutex/Monitor currently owned by a thread: None

heap address: 0x00000006c8000000, size: 3968 MB, Compressed Oops mode: Zero based, Oop shift amount: 3
Narrow klass base: 0x0000000000000000, Narrow klass shift: 3
Compressed class space size: 1073741824 Address: 0x00000007c0000000

Heap:
 PSYoungGen      total 74240K, used 13758K [0x000000076d580000, 0x0000000772800000, 0x00000007c0000000)
  eden space 64000K, 21% used [0x000000076d580000,0x000000076e2ef978,0x0000000771400000)
  from space 10240K, 0% used [0x0000000771e00000,0x0000000771e00000,0x0000000772800000)
  to   space 10240K, 0% used [0x0000000771400000,0x0000000771400000,0x0000000771e00000)
 ParOldGen       total 169472K, used 0K [0x00000006c8000000, 0x00000006d2580000, 0x000000076d580000)
  object space 169472K, 0% used [0x00000006c8000000,0x00000006c8000000,0x00000006d2580000)
 Metaspace       used 13400K, capacity 13618K, committed 13952K, reserved 1060864K
  class space    used 1737K, capacity 1811K, committed 1920K, reserved 1048576K

Card table byte_map: [0x0000000012610000,0x0000000012de0000] byte_map_base: 0x000000000efd0000

Marking Bits: (ParMarkBitMap*) 0x00000000722b5ce0
 Begin Bits: [0x0000000013710000, 0x0000000017510000)
 End Bits:   [0x0000000017510000, 0x000000001b310000)

Polling page: 0x0000000001730000

CodeCache: size=245760Kb used=3434Kb max_used=3434Kb free=242325Kb
 bounds [0x0000000003250000, 0x00000000035b0000, 0x0000000012250000]
 total_blobs=1499 nmethods=1001 adapters=410
 compilation: enabled

Compilation events (10 events):
Event: 3.420 Thread 0x000000001c484800 nmethod 996 0x00000000035a8390 code [0x00000000035a8520, 0x00000000035a8868]
Event: 3.420 Thread 0x000000001c484800  998       3       java.awt.Component::repaint (16 bytes)
Event: 3.420 Thread 0x000000001c484800 nmethod 998 0x00000000035a8a10 code [0x00000000035a8b80, 0x00000000035a8da8]
Event: 3.420 Thread 0x000000001c484800  997       3       javax.swing.JComponent::revalidate (53 bytes)
Event: 3.421 Thread 0x000000001c484800 nmethod 997 0x00000000035a8e50 code [0x00000000035a9160, 0x00000000035aa888]
Event: 3.421 Thread 0x000000001c484800  999       1       javax.swing.JComponent::isValidateRoot (2 bytes)
Event: 3.421 Thread 0x000000001c484800 nmethod 999 0x00000000035ab2d0 code [0x00000000035ab420, 0x00000000035ab530]
Event: 3.421 Thread 0x000000001c484800 1000       3       javax.swing.RepaintManager::currentManager (5 bytes)
Event: 3.421 Thread 0x000000001c484800 nmethod 1000 0x00000000035ab590 code [0x00000000035ab700, 0x00000000035ab8f8]
Event: 3.421 Thread 0x000000001c484800 1001       3       java.util.Properties::getProperty (46 bytes)

GC Heap History (0 events):
No events

Deoptimization events (9 events):
Event: 0.319 Thread 0x000000001e1c0800 Uncommon trap: reason=class_check action=maybe_recompile pc=0x000000000343d908 method=javax.swing.plaf.nimbus.DerivedColor$UIResource.equals(Ljava/lang/Object;)Z @ 1
Event: 0.319 Thread 0x000000001e1c0800 Uncommon trap: reason=class_check action=maybe_recompile pc=0x000000000343d908 method=javax.swing.plaf.nimbus.DerivedColor$UIResource.equals(Ljava/lang/Object;)Z @ 1
Event: 0.319 Thread 0x000000001e1c0800 Uncommon trap: reason=class_check action=maybe_recompile pc=0x000000000343d908 method=javax.swing.plaf.nimbus.DerivedColor$UIResource.equals(Ljava/lang/Object;)Z @ 1
Event: 0.319 Thread 0x000000001e1c0800 Uncommon trap: reason=class_check action=maybe_recompile pc=0x000000000343d908 method=javax.swing.plaf.nimbus.DerivedColor$UIResource.equals(Ljava/lang/Object;)Z @ 1
Event: 0.327 Thread 0x000000001e1b8000 Uncommon trap: reason=unstable_if action=reinterpret pc=0x0000000003442a24 method=java.util.HashMap.putVal(ILjava/lang/Object;Ljava/lang/Object;ZZ)Ljava/lang/Object; @ 206
Event: 0.421 Thread 0x000000001e1c0800 Uncommon trap: reason=unstable_if action=reinterpret pc=0x00000000034ba334 method=java.io.BufferedInputStream.read()I @ 8
Event: 0.442 Thread 0x000000001e1c0800 Uncommon trap: reason=unstable_if action=reinterpret pc=0x00000000034ca1e0 method=java.security.DigestInputStream.read()I @ 17
Event: 0.442 Thread 0x000000001e1c0800 Uncommon trap: reason=unstable_if action=reinterpret pc=0x00000000034cb8e4 method=org.sqlite.SQLiteJDBCLoader.md5sum(Ljava/io/InputStream;)Ljava/lang/String; @ 29
Event: 0.442 Thread 0x000000001e1c0800 Uncommon trap: reason=unstable_if action=reinterpret pc=0x00000000034cb074 method=sun.security.provider.DigestBase.engineUpdate(B)V @ 4

Classes redefined (0 events):
No events

Internal exceptions (10 events):
Event: 0.223 Thread 0x000000000304e000 Exception <a 'java/lang/ClassNotFoundException': ToggleButton> (0x000000076dabf900) thrown at [C:\re\workspace\8-2-build-windows-amd64-cygwin\jdk8u211\12973\hotspot\src\share\vm\classfile\systemDictionary.cpp, line 210]
Event: 0.223 Thread 0x000000000304e000 Exception <a 'java/lang/ClassNotFoundException': javax/swing/JToolBarSeparator> (0x000000076dabfd60) thrown at [C:\re\workspace\8-2-build-windows-amd64-cygwin\jdk8u211\12973\hotspot\src\share\vm\classfile\systemDictionary.cpp, line 210]
Event: 0.223 Thread 0x000000000304e000 Exception <a 'java/lang/ClassNotFoundException': ToolBarSeparator> (0x000000076dac01f8) thrown at [C:\re\workspace\8-2-build-windows-amd64-cygwin\jdk8u211\12973\hotspot\src\share\vm\classfile\systemDictionary.cpp, line 210]
Event: 0.223 Thread 0x000000000304e000 Exception <a 'java/lang/ClassNotFoundException': ToolTip> (0x000000076dac0938) thrown at [C:\re\workspace\8-2-build-windows-amd64-cygwin\jdk8u211\12973\hotspot\src\share\vm\classfile\systemDictionary.cpp, line 210]
Event: 0.224 Thread 0x000000000304e000 Exception <a 'java/lang/ClassNotFoundException': Tree> (0x000000076dac1558) thrown at [C:\re\workspace\8-2-build-windows-amd64-cygwin\jdk8u211\12973\hotspot\src\share\vm\classfile\systemDictionary.cpp, line 210]
Event: 0.224 Thread 0x000000000304e000 Exception <a 'java/lang/ClassNotFoundException': Tree> (0x000000076dac1c98) thrown at [C:\re\workspace\8-2-build-windows-amd64-cygwin\jdk8u211\12973\hotspot\src\share\vm\classfile\systemDictionary.cpp, line 210]
Event: 0.224 Thread 0x000000000304e000 Exception <a 'java/lang/ClassNotFoundException': javax/swing/JTreeCell> (0x000000076dac2018) thrown at [C:\re\workspace\8-2-build-windows-amd64-cygwin\jdk8u211\12973\hotspot\src\share\vm\classfile\systemDictionary.cpp, line 210]
Event: 0.224 Thread 0x000000000304e000 Exception <a 'java/lang/ClassNotFoundException': TreeCell> (0x000000076dac24a0) thrown at [C:\re\workspace\8-2-build-windows-amd64-cygwin\jdk8u211\12973\hotspot\src\share\vm\classfile\systemDictionary.cpp, line 210]
Event: 0.224 Thread 0x000000000304e000 Exception <a 'java/lang/ClassNotFoundException': RootPane> (0x000000076dac2f00) thrown at [C:\re\workspace\8-2-build-windows-amd64-cygwin\jdk8u211\12973\hotspot\src\share\vm\classfile\systemDictionary.cpp, line 210]
Event: 0.442 Thread 0x000000001e1c0800 Implicit null exception at 0x00000000034cad8f to 0x00000000034cb061

Events (10 events):
Event: 1.754 loading class javax/swing/RepaintManager$3
Event: 1.755 loading class javax/swing/RepaintManager$3 done
Event: 2.020 Thread 0x000000001e1c0800 DEOPT PACKING pc=0x00000000034f2766 sp=0x000000001faabab0
Event: 2.020 Thread 0x000000001e1c0800 DEOPT UNPACKING pc=0x0000000003297890 sp=0x000000001faab7f0 mode 0
Event: 2.021 Thread 0x000000001e1c0800 DEOPT PACKING pc=0x00000000034f2766 sp=0x000000001faabab0
Event: 2.021 Thread 0x000000001e1c0800 DEOPT UNPACKING pc=0x0000000003297890 sp=0x000000001faab7f0 mode 0
Event: 3.419 loading class javax/swing/table/TableColumn
Event: 3.419 loading class javax/swing/table/TableColumn done
Event: 3.419 loading class javax/swing/event/TableColumnModelEvent
Event: 3.419 loading class javax/swing/event/TableColumnModelEvent done


Dynamic libraries:
0x00007ff66caa0000 - 0x00007ff66cad7000 	C:\Program Files\Java\jdk1.8.0_211\bin\java.exe
0x00007ffecb0c0000 - 0x00007ffecb2b0000 	C:\WINDOWS\SYSTEM32\ntdll.dll
0x00007ffecaf50000 - 0x00007ffecb002000 	C:\WINDOWS\System32\KERNEL32.DLL
0x00007ffec8050000 - 0x00007ffec82f3000 	C:\WINDOWS\System32\KERNELBASE.dll
0x00007ffec91d0000 - 0x00007ffec9273000 	C:\WINDOWS\System32\ADVAPI32.dll
0x00007ffec9280000 - 0x00007ffec931e000 	C:\WINDOWS\System32\msvcrt.dll
0x00007ffeca3f0000 - 0x00007ffeca487000 	C:\WINDOWS\System32\sechost.dll
0x00007ffec9bb0000 - 0x00007ffec9cd0000 	C:\WINDOWS\System32\RPCRT4.dll
0x00007ffec9a10000 - 0x00007ffec9ba4000 	C:\WINDOWS\System32\USER32.dll
0x00007ffec9140000 - 0x00007ffec9161000 	C:\WINDOWS\System32\win32u.dll
0x00007ffec9cd0000 - 0x00007ffec9cf6000 	C:\WINDOWS\System32\GDI32.dll
0x00007ffec8f70000 - 0x00007ffec9104000 	C:\WINDOWS\System32\gdi32full.dll
0x00007ffec8c50000 - 0x00007ffec8cee000 	C:\WINDOWS\System32\msvcp_win.dll
0x00007ffec8aa0000 - 0x00007ffec8b9a000 	C:\WINDOWS\System32\ucrtbase.dll
0x00007ffeb6ec0000 - 0x00007ffeb7145000 	C:\WINDOWS\WinSxS\amd64_microsoft.windows.common-controls_6595b64144ccf1df_6.0.18362.657_none_e6c5b579130e3898\COMCTL32.dll
0x00007ffeca800000 - 0x00007ffecab36000 	C:\WINDOWS\System32\combase.dll
0x00007ffec8ef0000 - 0x00007ffec8f70000 	C:\WINDOWS\System32\bcryptPrimitives.dll
0x00007ffecaca0000 - 0x00007ffecacce000 	C:\WINDOWS\System32\IMM32.DLL
0x00000000728d0000 - 0x00000000729a2000 	C:\Program Files\Java\jdk1.8.0_211\jre\bin\msvcr100.dll
0x0000000071a90000 - 0x0000000072335000 	C:\Program Files\Java\jdk1.8.0_211\jre\bin\server\jvm.dll
0x00007ffeca4c0000 - 0x00007ffeca4c8000 	C:\WINDOWS\System32\PSAPI.DLL
0x00007ffec6040000 - 0x00007ffec6064000 	C:\WINDOWS\SYSTEM32\WINMM.dll
0x00007ffec0ac0000 - 0x00007ffec0ac9000 	C:\WINDOWS\SYSTEM32\WSOCK32.dll
0x00007ffec38a0000 - 0x00007ffec38aa000 	C:\WINDOWS\SYSTEM32\VERSION.dll
0x00007ffeca5a0000 - 0x00007ffeca60f000 	C:\WINDOWS\System32\WS2_32.dll
0x00007ffec6010000 - 0x00007ffec603d000 	C:\WINDOWS\SYSTEM32\winmmbase.dll
0x00007ffec8e40000 - 0x00007ffec8e8a000 	C:\WINDOWS\System32\cfgmgr32.dll
0x00007ffec6080000 - 0x00007ffec608f000 	C:\Program Files\Java\jdk1.8.0_211\jre\bin\verify.dll
0x00007ffec0d30000 - 0x00007ffec0d59000 	C:\Program Files\Java\jdk1.8.0_211\jre\bin\java.dll
0x00007ffec0d10000 - 0x00007ffec0d26000 	C:\Program Files\Java\jdk1.8.0_211\jre\bin\zip.dll
0x00007ffec9d00000 - 0x00007ffeca3e5000 	C:\WINDOWS\System32\SHELL32.dll
0x00007ffecad50000 - 0x00007ffecadf9000 	C:\WINDOWS\System32\shcore.dll
0x00007ffec8300000 - 0x00007ffec8a7f000 	C:\WINDOWS\System32\windows.storage.dll
0x00007ffec7ff0000 - 0x00007ffec800f000 	C:\WINDOWS\System32\profapi.dll
0x00007ffec7fa0000 - 0x00007ffec7fea000 	C:\WINDOWS\System32\powrprof.dll
0x00007ffec7f90000 - 0x00007ffec7fa0000 	C:\WINDOWS\System32\UMPDC.dll
0x00007ffec9170000 - 0x00007ffec91c2000 	C:\WINDOWS\System32\shlwapi.dll
0x00007ffec8030000 - 0x00007ffec8041000 	C:\WINDOWS\System32\kernel.appcore.dll
0x00007ffec8a80000 - 0x00007ffec8a97000 	C:\WINDOWS\System32\cryptsp.dll
0x00007ffe9ef60000 - 0x00007ffe9f0f9000 	C:\Program Files\Java\jdk1.8.0_211\jre\bin\awt.dll
0x00007ffecae00000 - 0x00007ffecaec4000 	C:\WINDOWS\System32\OLEAUT32.dll
0x00007ffec6240000 - 0x00007ffec62cf000 	C:\WINDOWS\SYSTEM32\apphelp.dll
0x00007ffec6570000 - 0x00007ffec6609000 	C:\WINDOWS\system32\uxtheme.dll
0x00007ffeca610000 - 0x00007ffeca745000 	C:\WINDOWS\System32\MSCTF.dll
0x00007ffecab40000 - 0x00007ffecac96000 	C:\WINDOWS\System32\ole32.dll
0x00007ffec6840000 - 0x00007ffec686d000 	C:\WINDOWS\system32\DWMAPI.DLL
0x00007ffeac1b0000 - 0x00007ffeac1f9000 	C:\Program Files\Java\jdk1.8.0_211\jre\bin\fontmanager.dll
0x00007ffeb8550000 - 0x00007ffeb86a6000 	C:\WINDOWS\system32\opengl32.dll
0x00007ffec0ce0000 - 0x00007ffec0d0c000 	C:\WINDOWS\SYSTEM32\GLU32.dll
0x00007ffec6c00000 - 0x00007ffec6c20000 	C:\WINDOWS\SYSTEM32\dxcore.dll
0x00007ffeca750000 - 0x00007ffeca7f2000 	C:\WINDOWS\System32\clbcatq.dll
0x00007ffec07e0000 - 0x00007ffec098f000 	C:\WINDOWS\SYSTEM32\WindowsCodecs.dll
0x00007ffeb3ed0000 - 0x00007ffeb3f0a000 	C:\WINDOWS\system32\dataexchange.dll
0x00007ffec4c30000 - 0x00007ffec4e8b000 	C:\WINDOWS\system32\d3d11.dll
0x00007ffec4f60000 - 0x00007ffec513b000 	C:\WINDOWS\system32\dcomp.dll
0x00007ffec6c20000 - 0x00007ffec6d0b000 	C:\WINDOWS\system32\dxgi.dll
0x00007ffec6310000 - 0x00007ffec656a000 	C:\WINDOWS\system32\twinapi.appcore.dll
0x00007ffec6810000 - 0x00007ffec6839000 	C:\WINDOWS\system32\RMCLIENT.dll
0x00007ffeb9a70000 - 0x00007ffeb9a8a000 	C:\Program Files\Java\jdk1.8.0_211\jre\bin\net.dll
0x00007ffeb9360000 - 0x00007ffeb9536000 	C:\WINDOWS\SYSTEM32\urlmon.dll
0x00007ffeb90b0000 - 0x00007ffeb9356000 	C:\WINDOWS\SYSTEM32\iertutil.dll
0x00007ffec79d0000 - 0x00007ffec79dc000 	C:\WINDOWS\SYSTEM32\CRYPTBASE.DLL
0x00007ffec7800000 - 0x00007ffec7867000 	C:\WINDOWS\system32\mswsock.dll
0x00007ffeb9a50000 - 0x00007ffeb9a62000 	C:\Program Files\Java\jdk1.8.0_211\jre\bin\nio.dll
0x00007ffea6de0000 - 0x00007ffea6e22000 	C:\Program Files\Java\jdk1.8.0_211\jre\bin\t2k.dll
0x0000000069340000 - 0x00000000693c5000 	C:\Users\Vianey\AppData\Local\Temp\sqlite-3.7.2-sqlitejdbc.dll
0x00007ffec0ad0000 - 0x00007ffec0b6e000 	C:\WINDOWS\System32\TextInputFramework.dll
0x00007ffec1860000 - 0x00007ffec1b8a000 	C:\WINDOWS\System32\CoreUIComponents.dll
0x00007ffec5140000 - 0x00007ffec5214000 	C:\WINDOWS\System32\CoreMessaging.dll
0x00007ffec6fc0000 - 0x00007ffec6ff1000 	C:\WINDOWS\SYSTEM32\ntmarta.dll
0x00007ffec3c00000 - 0x00007ffec3d53000 	C:\WINDOWS\SYSTEM32\wintypes.dll
0x00007ffea91e0000 - 0x00007ffea920a000 	C:\Program Files\Java\jdk1.8.0_211\jre\bin\dcpr.dll
0x00007ffeb4c10000 - 0x00007ffeb4e04000 	C:\WINDOWS\SYSTEM32\dbghelp.dll

VM Arguments:
jvm_args: -Dfile.encoding=UTF-8 
java_command: Ventanas.RegistroUser
java_class_path (initial): C:\Users\Vianey\Desktop\PROYECTO.HRAEI\sqlite-jdbc-3.7.2.jar;C:\Users\Vianey\Desktop\ProyectoHRAEI\build\classes
Launcher Type: SUN_STANDARD

Environment Variables:
PATH=C:\Program Files (x86)\Intel\iCLS Client\;C:\Program Files\Intel\iCLS Client\;C:\Program Files (x86)\Common Files\Oracle\Java\javapath;C:\Program Files\Haskell\bin;C:\Program Files\Haskell Platform\8.6.3\lib\extralibs\bin;C:\Program Files\Haskell Platform\8.6.3\bin;C:\WINDOWS\system32;C:\WINDOWS;C:\WINDOWS\System32\Wbem;C:\WINDOWS\System32\WindowsPowerShell\v1.0\;C:\Program Files (x86)\Intel\Intel(R) Management Engine Components\DAL;C:\Program Files\Intel\Intel(R) Management Engine Components\DAL;C:\Program Files (x86)\Intel\Intel(R) Management Engine Components\IPT;C:\Program Files\Intel\Intel(R) Management Engine Components\IPT;C:\WINDOWS\System32\OpenSSH\;C:\Program Files\Haskell Platform\8.6.3\mingw\bin;C:\Users\Vianey\Desktop\PROYECTO.HRAEI\sqlite-jdbc-3.7.2.jar;C:\Users\Vianey\AppData\Roaming\cabal\bin;C:\Users\Vianey\AppData\Roaming\local\bin;C:\Users\Vianey\AppData\Local\Microsoft\WindowsApps;C:\Users\Vianey\Desktop\PROYECTO.HRAEI\Sqliteman-1.2.2\sqlite3.exe;
USERNAME=Vianey
OS=Windows_NT
PROCESSOR_IDENTIFIER=Intel64 Family 6 Model 142 Stepping 9, GenuineIntel



---------------  S Y S T E M  ---------------

OS: Windows 10.0 , 64 bit Build 18362 (10.0.18362.329)

CPU:total 4 (initial active 4) (2 cores per cpu, 2 threads per core) family 6 model 142 stepping 9, cmov, cx8, fxsr, mmx, sse, sse2, sse3, ssse3, sse4.1, sse4.2, popcnt, avx, avx2, aes, clmul, erms, 3dnowpref, lzcnt, ht, tsc, tscinvbit, bmi1, bmi2, adx

Memory: 4k page, physical 16246456k(9517768k free), swap 20132228k(11564548k free)

vm_info: Java HotSpot(TM) 64-Bit Server VM (25.211-b12) for windows-amd64 JRE (1.8.0_211-b12), built on Apr  1 2019 20:53:26 by "java_re" with MS VC++ 10.0 (VS2010)

time: Fri Mar 06 21:39:42 2020
timezone: Hora estándar central (México)
elapsed time: 3 seconds (0d 0h 0m 3s)

