#
# A fatal error has been detected by the Java Runtime Environment:
#
#  EXCEPTION_ACCESS_VIOLATION (0xc0000005) at pc=0x0000000071bd6182, pid=13140, tid=0x00000000000012f8
#
# JRE version: Java(TM) SE Runtime Environment (8.0_211-b12) (build 1.8.0_211-b12)
# Java VM: Java HotSpot(TM) 64-Bit Server VM (25.211-b12 mixed mode windows-amd64 compressed oops)
# Problematic frame:
# V  [jvm.dll+0x146182]
#
# Failed to write core dump. Minidumps are not enabled by default on client versions of Windows
#
# If you would like to submit a bug report, please visit:
#   http://bugreport.java.com/bugreport/crash.jsp
#

---------------  T H R E A D  ---------------

Current thread (0x000000001eea9800):  JavaThread "AWT-EventQueue-0" [_thread_in_vm, id=4856, stack(0x000000001f6a0000,0x000000001f7a0000)]

siginfo: ExceptionCode=0xc0000005, reading address 0x0000000000000000

Registers:
RAX=0x0000000000000000, RBX=0x000000001eea9800, RCX=0x0000000000000980, RDX=0x0000000000000000
RSP=0x000000001f79c850, RBP=0x0000000000000000, RSI=0x0000000000000000, RDI=0x0000000000000000
R8 =0x0000000000000000, R9 =0x000000076e4008c8, R10=0x0000000000000012, R11=0x00000000722a7940
R12=0x000000001f79c9f0, R13=0x0000000020247d58, R14=0x000000001f79c9f0, R15=0x000000001eea9800
RIP=0x0000000071bd6182, EFLAGS=0x0000000000010202

Top of Stack: (sp=0x000000001f79c850)
0x000000001f79c850:   000000001f79c850 000000001b86e65b
0x000000001f79c860:   000000001f79c8a0 000000001b86e9f8
0x000000001f79c870:   000000001eea9800 0000000000000000
0x000000001f79c880:   0000000000000000 0000000069341599
0x000000001f79c890:   000000001f79c8f8 0000000002ec835d
0x000000001f79c8a0:   000000076d593360 0000000000000001
0x000000001f79c8b0:   0000000000000000 000000001eea99f8
0x000000001f79c8c0:   0000000000000002 0000000069342090
0x000000001f79c8d0:   00000000203f4ec8 0000000000000000
0x000000001f79c8e0:   000000001b846910 000000001eea99f8
0x000000001f79c8f0:   000000001f79c908 000000001f79c960
0x000000001f79c900:   0000000002ec835d 000000076d58e9e8
0x000000001f79c910:   0000000020247d60 0000000000000002
0x000000001f79c920:   0000000002ec835d 000000001f79c9c8
0x000000001f79c930:   0000000000000000 0000000002ed97db
0x000000001f79c940:   0000000000000000 000000001b86aa90 

Instructions: (pc=0x0000000071bd6182)
0x0000000071bd6162:   89 5c 24 20 48 89 74 24 28 48 39 73 08 74 0a 48
0x0000000071bd6172:   8d 4c 24 20 e8 05 8c 13 00 40 38 35 be 07 6d 00
0x0000000071bd6182:   48 8b 3f 48 63 05 08 67 6b 00 74 1b 8b 0c 38 85
0x0000000071bd6192:   c9 74 7c 8b c1 8b 0d bb 36 66 00 48 d3 e0 48 03 


Register to memory mapping:

RAX=0x0000000000000000 is an unknown value
RBX=0x000000001eea9800 is a thread
RCX=0x0000000000000980 is an unknown value
RDX=0x0000000000000000 is an unknown value
RSP=0x000000001f79c850 is pointing into the stack for thread: 0x000000001eea9800
RBP=0x0000000000000000 is an unknown value
RSI=0x0000000000000000 is an unknown value
RDI=0x0000000000000000 is an unknown value
R8 =0x0000000000000000 is an unknown value
R9 =0x000000076e4008c8 is an oop
org.sqlite.NativeDB 
 - klass: 'org/sqlite/NativeDB'
R10=0x0000000000000012 is an unknown value
R11=0x00000000722a7940 is an unknown value
R12=0x000000001f79c9f0 is pointing into the stack for thread: 0x000000001eea9800
R13=0x0000000020247d58 is pointing into metadata
R14=0x000000001f79c9f0 is pointing into the stack for thread: 0x000000001eea9800
R15=0x000000001eea9800 is a thread


Stack: [0x000000001f6a0000,0x000000001f7a0000],  sp=0x000000001f79c850,  free space=1010k
Native frames: (J=compiled Java code, j=interpreted, Vv=VM code, C=native code)

Java frames: (J=compiled Java code, j=interpreted, Vv=VM code)
j  org.sqlite.NativeDB.prepare(Ljava/lang/String;)J+0
j  org.sqlite.DB.prepare(Lorg/sqlite/Stmt;)V+21
j  org.sqlite.Stmt.executeQuery(Ljava/lang/String;)Ljava/sql/ResultSet;+14
j  Operaciones.Operaciones.consultar(Ljava/lang/String;)Ljava/sql/ResultSet;+13
j  Ventanas.RegistroUser.jButton1ActionPerformed(Ljava/awt/event/ActionEvent;)V+22
j  Ventanas.RegistroUser.access$200(LVentanas/RegistroUser;Ljava/awt/event/ActionEvent;)V+2
j  Ventanas.RegistroUser$3.actionPerformed(Ljava/awt/event/ActionEvent;)V+5
j  javax.swing.AbstractButton.fireActionPerformed(Ljava/awt/event/ActionEvent;)V+83
j  javax.swing.AbstractButton$Handler.actionPerformed(Ljava/awt/event/ActionEvent;)V+5
j  javax.swing.DefaultButtonModel.fireActionPerformed(Ljava/awt/event/ActionEvent;)V+34
j  javax.swing.DefaultButtonModel.setPressed(Z)V+117
j  javax.swing.plaf.basic.BasicButtonListener.mouseReleased(Ljava/awt/event/MouseEvent;)V+35
j  java.awt.Component.processMouseEvent(Ljava/awt/event/MouseEvent;)V+64
j  javax.swing.JComponent.processMouseEvent(Ljava/awt/event/MouseEvent;)V+23
j  java.awt.Component.processEvent(Ljava/awt/AWTEvent;)V+81
j  java.awt.Container.processEvent(Ljava/awt/AWTEvent;)V+18
j  java.awt.Component.dispatchEventImpl(Ljava/awt/AWTEvent;)V+589
J 987 C1 java.awt.Container.dispatchEventImpl(Ljava/awt/AWTEvent;)V (129 bytes) @ 0x00000000031f8d8c [0x00000000031f8c40+0x14c]
J 986 C1 java.awt.Component.dispatchEvent(Ljava/awt/AWTEvent;)V (6 bytes) @ 0x00000000031f9d44 [0x00000000031f9c40+0x104]
j  java.awt.LightweightDispatcher.retargetMouseEvent(Ljava/awt/Component;ILjava/awt/event/MouseEvent;)V+349
j  java.awt.LightweightDispatcher.processMouseEvent(Ljava/awt/event/MouseEvent;)Z+155
j  java.awt.LightweightDispatcher.dispatchEvent(Ljava/awt/AWTEvent;)Z+50
J 987 C1 java.awt.Container.dispatchEventImpl(Ljava/awt/AWTEvent;)V (129 bytes) @ 0x00000000031f8d2c [0x00000000031f8c40+0xec]
j  java.awt.Window.dispatchEventImpl(Ljava/awt/AWTEvent;)V+19
J 986 C1 java.awt.Component.dispatchEvent(Ljava/awt/AWTEvent;)V (6 bytes) @ 0x00000000031f9d44 [0x00000000031f9c40+0x104]
j  java.awt.EventQueue.dispatchEventImpl(Ljava/awt/AWTEvent;Ljava/lang/Object;)V+41
j  java.awt.EventQueue.access$500(Ljava/awt/EventQueue;Ljava/awt/AWTEvent;Ljava/lang/Object;)V+3
j  java.awt.EventQueue$3.run()Ljava/lang/Void;+32
j  java.awt.EventQueue$3.run()Ljava/lang/Object;+1
v  ~StubRoutines::call_stub
J 918  java.security.AccessController.doPrivileged(Ljava/security/PrivilegedAction;Ljava/security/AccessControlContext;)Ljava/lang/Object; (0 bytes) @ 0x00000000031d33a6 [0x00000000031d3340+0x66]
J 941 C1 java.security.ProtectionDomain$JavaSecurityAccessImpl.doIntersectionPrivilege(Ljava/security/PrivilegedAction;Ljava/security/AccessControlContext;Ljava/security/AccessControlContext;)Ljava/lang/Object; (22 bytes) @ 0x00000000031db3fc [0x00000000031daf80+0x47c]
j  java.security.ProtectionDomain$JavaSecurityAccessImpl.doIntersectionPrivilege(Ljava/security/PrivilegedAction;Ljava/security/AccessControlContext;)Ljava/lang/Object;+6
j  java.awt.EventQueue$4.run()Ljava/lang/Void;+11
j  java.awt.EventQueue$4.run()Ljava/lang/Object;+1
v  ~StubRoutines::call_stub
J 918  java.security.AccessController.doPrivileged(Ljava/security/PrivilegedAction;Ljava/security/AccessControlContext;)Ljava/lang/Object; (0 bytes) @ 0x00000000031d33a6 [0x00000000031d3340+0x66]
J 977 C1 java.awt.EventQueue.dispatchEvent(Ljava/awt/AWTEvent;)V (80 bytes) @ 0x00000000031f3c3c [0x00000000031f2d80+0xebc]
J 979 C1 java.awt.EventDispatchThread.pumpOneEventForFilters(I)V (190 bytes) @ 0x00000000031f5f1c [0x00000000031f4dc0+0x115c]
j  java.awt.EventDispatchThread.pumpEventsForFilter(ILjava/awt/Conditional;Ljava/awt/EventFilter;)V+35
j  java.awt.EventDispatchThread.pumpEventsForHierarchy(ILjava/awt/Conditional;Ljava/awt/Component;)V+11
j  java.awt.EventDispatchThread.pumpEvents(ILjava/awt/Conditional;)V+4
j  java.awt.EventDispatchThread.pumpEvents(Ljava/awt/Conditional;)V+3
j  java.awt.EventDispatchThread.run()V+9
v  ~StubRoutines::call_stub

---------------  P R O C E S S  ---------------

Java Threads: ( => current thread )
  0x0000000002ebe000 JavaThread "DestroyJavaVM" [_thread_blocked, id=7444, stack(0x0000000002b20000,0x0000000002c20000)]
=>0x000000001eea9800 JavaThread "AWT-EventQueue-0" [_thread_in_vm, id=4856, stack(0x000000001f6a0000,0x000000001f7a0000)]
  0x000000001de46000 JavaThread "AWT-Windows" daemon [_thread_in_native, id=3036, stack(0x000000001e3c0000,0x000000001e4c0000)]
  0x000000001ddf6800 JavaThread "AWT-Shutdown" [_thread_blocked, id=16104, stack(0x000000001e2c0000,0x000000001e3c0000)]
  0x000000001ddf6000 JavaThread "Java2D Disposer" daemon [_thread_blocked, id=13104, stack(0x000000001e1c0000,0x000000001e2c0000)]
  0x000000001c13d800 JavaThread "Service Thread" daemon [_thread_blocked, id=11912, stack(0x000000001de50000,0x000000001df50000)]
  0x000000001c0f8000 JavaThread "C1 CompilerThread2" daemon [_thread_blocked, id=8732, stack(0x000000001d950000,0x000000001da50000)]
  0x000000001c0ed000 JavaThread "C2 CompilerThread1" daemon [_thread_blocked, id=7228, stack(0x000000001d850000,0x000000001d950000)]
  0x000000001c0e6800 JavaThread "C2 CompilerThread0" daemon [_thread_blocked, id=6576, stack(0x000000001d750000,0x000000001d850000)]
  0x000000001c0e3000 JavaThread "Attach Listener" daemon [_thread_blocked, id=5840, stack(0x000000001d650000,0x000000001d750000)]
  0x000000001c0e1800 JavaThread "Signal Dispatcher" daemon [_thread_blocked, id=1040, stack(0x000000001d550000,0x000000001d650000)]
  0x0000000002dda800 JavaThread "Finalizer" daemon [_thread_blocked, id=6300, stack(0x000000001d330000,0x000000001d430000)]
  0x0000000002dd2000 JavaThread "Reference Handler" daemon [_thread_blocked, id=15148, stack(0x000000001d230000,0x000000001d330000)]

Other Threads:
  0x000000001c0a7000 VMThread [stack: 0x000000001d130000,0x000000001d230000] [id=2852]
  0x000000001c13e800 WatcherThread [stack: 0x000000001e0c0000,0x000000001e1c0000] [id=4012]

VM state:not at safepoint (normal execution)

VM Mutex/Monitor currently owned by a thread: None

heap address: 0x00000006c8000000, size: 3968 MB, Compressed Oops mode: Zero based, Oop shift amount: 3
Narrow klass base: 0x0000000000000000, Narrow klass shift: 3
Compressed class space size: 1073741824 Address: 0x00000007c0000000

Heap:
 PSYoungGen      total 74240K, used 15034K [0x000000076d580000, 0x0000000772800000, 0x00000007c0000000)
  eden space 64000K, 23% used [0x000000076d580000,0x000000076e42e9a0,0x0000000771400000)
  from space 10240K, 0% used [0x0000000771e00000,0x0000000771e00000,0x0000000772800000)
  to   space 10240K, 0% used [0x0000000771400000,0x0000000771400000,0x0000000771e00000)
 ParOldGen       total 169472K, used 0K [0x00000006c8000000, 0x00000006d2580000, 0x000000076d580000)
  object space 169472K, 0% used [0x00000006c8000000,0x00000006c8000000,0x00000006d2580000)
 Metaspace       used 13795K, capacity 14008K, committed 14208K, reserved 1060864K
  class space    used 1803K, capacity 1878K, committed 1920K, reserved 1048576K

Card table byte_map: [0x0000000012280000,0x0000000012a50000] byte_map_base: 0x000000000ec40000

Marking Bits: (ParMarkBitMap*) 0x00000000722b5ce0
 Begin Bits: [0x0000000013380000, 0x0000000017180000)
 End Bits:   [0x0000000017180000, 0x000000001af80000)

Polling page: 0x00000000012a0000

CodeCache: size=245760Kb used=3572Kb max_used=3574Kb free=242187Kb
 bounds [0x0000000002ec0000, 0x0000000003240000, 0x0000000011ec0000]
 total_blobs=1590 nmethods=1087 adapters=415
 compilation: enabled

Compilation events (10 events):
Event: 5.168 Thread 0x000000001c0f8000 nmethod 1082 0x000000000323b9d0 code [0x000000000323bb60, 0x000000000323c078]
Event: 5.172 Thread 0x000000001c0f8000 1083       1       javax.swing.JComponent::isValidateRoot (2 bytes)
Event: 5.172 Thread 0x000000001c0ed000 1084       4       java.awt.Component::getParent (5 bytes)
Event: 5.172 Thread 0x000000001c0f8000 nmethod 1083 0x000000000323c190 code [0x000000000323c2e0, 0x000000000323c3f0]
Event: 5.172 Thread 0x000000001c0f8000 1085       3       java.awt.Container::invalidate (29 bytes)
Event: 5.172 Thread 0x000000001c0ed000 nmethod 1084 0x000000000323f090 code [0x000000000323f1c0, 0x000000000323f238]
Event: 5.172 Thread 0x000000001c0f8000 nmethod 1085 0x000000000323e950 code [0x000000000323eae0, 0x000000000323ef98]
Event: 5.172 Thread 0x000000001c0f8000 1086   !   3       java.awt.Component::invalidate (63 bytes)
Event: 5.173 Thread 0x000000001c0f8000 nmethod 1086 0x000000000323ded0 code [0x000000000323e060, 0x000000000323e7e8]
Event: 5.173 Thread 0x000000001c0f8000 1087       3       java.io.WinNTFileSystem::prefixLength (91 bytes)

GC Heap History (0 events):
No events

Deoptimization events (10 events):
Event: 0.297 Thread 0x000000001de46000 Uncommon trap: reason=unstable_if action=reinterpret pc=0x00000000030ad4a4 method=java.util.HashMap.putVal(ILjava/lang/Object;Ljava/lang/Object;ZZ)Ljava/lang/Object; @ 206
Event: 0.395 Thread 0x000000001eea9800 Uncommon trap: reason=unstable_if action=reinterpret pc=0x00000000031252e8 method=java.io.BufferedInputStream.read()I @ 8
Event: 0.419 Thread 0x000000001eea9800 Uncommon trap: reason=unstable_if action=reinterpret pc=0x00000000031266a0 method=java.security.DigestInputStream.read()I @ 17
Event: 0.419 Thread 0x000000001eea9800 Uncommon trap: reason=unstable_if action=reinterpret pc=0x000000000312ef64 method=org.sqlite.SQLiteJDBCLoader.md5sum(Ljava/io/InputStream;)Ljava/lang/String; @ 29
Event: 0.419 Thread 0x000000001eea9800 Uncommon trap: reason=unstable_if action=reinterpret pc=0x0000000003125b34 method=sun.security.provider.DigestBase.engineUpdate(B)V @ 4
Event: 3.444 Thread 0x000000001eea9800 Uncommon trap: reason=unstable_if action=reinterpret pc=0x00000000031d3d48 method=java.awt.MultipleGradientPaintContext.indexIntoGradientsArrays(F)I @ 24
Event: 3.444 Thread 0x000000001eea9800 Uncommon trap: reason=unstable_if action=reinterpret pc=0x0000000003145144 method=java.awt.MultipleGradientPaintContext.indexIntoGradientsArrays(F)I @ 24
Event: 5.161 Thread 0x000000001eea9800 Uncommon trap: reason=class_check action=maybe_recompile pc=0x0000000003049c50 method=java.lang.String.equals(Ljava/lang/Object;)Z @ 8
Event: 5.161 Thread 0x000000001eea9800 Uncommon trap: reason=class_check action=maybe_recompile pc=0x0000000003049c50 method=java.lang.String.equals(Ljava/lang/Object;)Z @ 8
Event: 5.161 Thread 0x000000001eea9800 Uncommon trap: reason=class_check action=maybe_recompile pc=0x0000000003049c50 method=java.lang.String.equals(Ljava/lang/Object;)Z @ 8

Classes redefined (0 events):
No events

Internal exceptions (10 events):
Event: 0.202 Thread 0x0000000002ebe000 Exception <a 'java/lang/ClassNotFoundException': ToggleButton> (0x000000076dabf900) thrown at [C:\re\workspace\8-2-build-windows-amd64-cygwin\jdk8u211\12973\hotspot\src\share\vm\classfile\systemDictionary.cpp, line 210]
Event: 0.202 Thread 0x0000000002ebe000 Exception <a 'java/lang/ClassNotFoundException': javax/swing/JToolBarSeparator> (0x000000076dabfd60) thrown at [C:\re\workspace\8-2-build-windows-amd64-cygwin\jdk8u211\12973\hotspot\src\share\vm\classfile\systemDictionary.cpp, line 210]
Event: 0.202 Thread 0x0000000002ebe000 Exception <a 'java/lang/ClassNotFoundException': ToolBarSeparator> (0x000000076dac01f8) thrown at [C:\re\workspace\8-2-build-windows-amd64-cygwin\jdk8u211\12973\hotspot\src\share\vm\classfile\systemDictionary.cpp, line 210]
Event: 0.202 Thread 0x0000000002ebe000 Exception <a 'java/lang/ClassNotFoundException': ToolTip> (0x000000076dac0938) thrown at [C:\re\workspace\8-2-build-windows-amd64-cygwin\jdk8u211\12973\hotspot\src\share\vm\classfile\systemDictionary.cpp, line 210]
Event: 0.203 Thread 0x0000000002ebe000 Exception <a 'java/lang/ClassNotFoundException': Tree> (0x000000076dac1558) thrown at [C:\re\workspace\8-2-build-windows-amd64-cygwin\jdk8u211\12973\hotspot\src\share\vm\classfile\systemDictionary.cpp, line 210]
Event: 0.203 Thread 0x0000000002ebe000 Exception <a 'java/lang/ClassNotFoundException': Tree> (0x000000076dac1c98) thrown at [C:\re\workspace\8-2-build-windows-amd64-cygwin\jdk8u211\12973\hotspot\src\share\vm\classfile\systemDictionary.cpp, line 210]
Event: 0.203 Thread 0x0000000002ebe000 Exception <a 'java/lang/ClassNotFoundException': javax/swing/JTreeCell> (0x000000076dac2018) thrown at [C:\re\workspace\8-2-build-windows-amd64-cygwin\jdk8u211\12973\hotspot\src\share\vm\classfile\systemDictionary.cpp, line 210]
Event: 0.203 Thread 0x0000000002ebe000 Exception <a 'java/lang/ClassNotFoundException': TreeCell> (0x000000076dac24a0) thrown at [C:\re\workspace\8-2-build-windows-amd64-cygwin\jdk8u211\12973\hotspot\src\share\vm\classfile\systemDictionary.cpp, line 210]
Event: 0.203 Thread 0x0000000002ebe000 Exception <a 'java/lang/ClassNotFoundException': RootPane> (0x000000076dac2f00) thrown at [C:\re\workspace\8-2-build-windows-amd64-cygwin\jdk8u211\12973\hotspot\src\share\vm\classfile\systemDictionary.cpp, line 210]
Event: 0.419 Thread 0x000000001eea9800 Implicit null exception at 0x000000000312584f to 0x0000000003125b21

Events (10 events):
Event: 5.161 loading class java/awt/KeyboardFocusManager$2
Event: 5.161 loading class java/awt/KeyboardFocusManager$2 done
Event: 5.161 loading class sun/awt/SunToolkit$1
Event: 5.161 loading class sun/awt/SunToolkit$1 done
Event: 5.165 loading class java/awt/Window$1DisposeAction
Event: 5.166 loading class java/awt/Window$1DisposeAction done
Event: 5.169 loading class javax/swing/table/TableColumn
Event: 5.170 loading class javax/swing/table/TableColumn done
Event: 5.170 loading class javax/swing/event/TableColumnModelEvent
Event: 5.171 loading class javax/swing/event/TableColumnModelEvent done


Dynamic libraries:
0x00007ff66caa0000 - 0x00007ff66cad7000 	C:\Program Files\Java\jdk1.8.0_211\bin\java.exe
0x00007ffecb0c0000 - 0x00007ffecb2b0000 	C:\WINDOWS\SYSTEM32\ntdll.dll
0x00007ffecaf50000 - 0x00007ffecb002000 	C:\WINDOWS\System32\KERNEL32.DLL
0x00007ffec8050000 - 0x00007ffec82f3000 	C:\WINDOWS\System32\KERNELBASE.dll
0x00007ffec91d0000 - 0x00007ffec9273000 	C:\WINDOWS\System32\ADVAPI32.dll
0x00007ffec9280000 - 0x00007ffec931e000 	C:\WINDOWS\System32\msvcrt.dll
0x00007ffeca3f0000 - 0x00007ffeca487000 	C:\WINDOWS\System32\sechost.dll
0x00007ffec9bb0000 - 0x00007ffec9cd0000 	C:\WINDOWS\System32\RPCRT4.dll
0x00007ffec9a10000 - 0x00007ffec9ba4000 	C:\WINDOWS\System32\USER32.dll
0x00007ffec9140000 - 0x00007ffec9161000 	C:\WINDOWS\System32\win32u.dll
0x00007ffec9cd0000 - 0x00007ffec9cf6000 	C:\WINDOWS\System32\GDI32.dll
0x00007ffec8f70000 - 0x00007ffec9104000 	C:\WINDOWS\System32\gdi32full.dll
0x00007ffec8c50000 - 0x00007ffec8cee000 	C:\WINDOWS\System32\msvcp_win.dll
0x00007ffec8aa0000 - 0x00007ffec8b9a000 	C:\WINDOWS\System32\ucrtbase.dll
0x00007ffeb6ec0000 - 0x00007ffeb7145000 	C:\WINDOWS\WinSxS\amd64_microsoft.windows.common-controls_6595b64144ccf1df_6.0.18362.657_none_e6c5b579130e3898\COMCTL32.dll
0x00007ffeca800000 - 0x00007ffecab36000 	C:\WINDOWS\System32\combase.dll
0x00007ffec8ef0000 - 0x00007ffec8f70000 	C:\WINDOWS\System32\bcryptPrimitives.dll
0x00007ffecaca0000 - 0x00007ffecacce000 	C:\WINDOWS\System32\IMM32.DLL
0x00000000728d0000 - 0x00000000729a2000 	C:\Program Files\Java\jdk1.8.0_211\jre\bin\msvcr100.dll
0x0000000071a90000 - 0x0000000072335000 	C:\Program Files\Java\jdk1.8.0_211\jre\bin\server\jvm.dll
0x00007ffeca4c0000 - 0x00007ffeca4c8000 	C:\WINDOWS\System32\PSAPI.DLL
0x00007ffec0ac0000 - 0x00007ffec0ac9000 	C:\WINDOWS\SYSTEM32\WSOCK32.dll
0x00007ffec6040000 - 0x00007ffec6064000 	C:\WINDOWS\SYSTEM32\WINMM.dll
0x00007ffec38a0000 - 0x00007ffec38aa000 	C:\WINDOWS\SYSTEM32\VERSION.dll
0x00007ffeca5a0000 - 0x00007ffeca60f000 	C:\WINDOWS\System32\WS2_32.dll
0x00007ffec6010000 - 0x00007ffec603d000 	C:\WINDOWS\SYSTEM32\WINMMBASE.dll
0x00007ffec8e40000 - 0x00007ffec8e8a000 	C:\WINDOWS\System32\cfgmgr32.dll
0x00007ffec6080000 - 0x00007ffec608f000 	C:\Program Files\Java\jdk1.8.0_211\jre\bin\verify.dll
0x00007ffec0d30000 - 0x00007ffec0d59000 	C:\Program Files\Java\jdk1.8.0_211\jre\bin\java.dll
0x00007ffec0d10000 - 0x00007ffec0d26000 	C:\Program Files\Java\jdk1.8.0_211\jre\bin\zip.dll
0x00007ffec9d00000 - 0x00007ffeca3e5000 	C:\WINDOWS\System32\SHELL32.dll
0x00007ffecad50000 - 0x00007ffecadf9000 	C:\WINDOWS\System32\shcore.dll
0x00007ffec8300000 - 0x00007ffec8a7f000 	C:\WINDOWS\System32\windows.storage.dll
0x00007ffec7ff0000 - 0x00007ffec800f000 	C:\WINDOWS\System32\profapi.dll
0x00007ffec7fa0000 - 0x00007ffec7fea000 	C:\WINDOWS\System32\powrprof.dll
0x00007ffec7f90000 - 0x00007ffec7fa0000 	C:\WINDOWS\System32\UMPDC.dll
0x00007ffec9170000 - 0x00007ffec91c2000 	C:\WINDOWS\System32\shlwapi.dll
0x00007ffec8030000 - 0x00007ffec8041000 	C:\WINDOWS\System32\kernel.appcore.dll
0x00007ffec8a80000 - 0x00007ffec8a97000 	C:\WINDOWS\System32\cryptsp.dll
0x00007ffe9ef60000 - 0x00007ffe9f0f9000 	C:\Program Files\Java\jdk1.8.0_211\jre\bin\awt.dll
0x00007ffecae00000 - 0x00007ffecaec4000 	C:\WINDOWS\System32\OLEAUT32.dll
0x00007ffec6240000 - 0x00007ffec62cf000 	C:\WINDOWS\SYSTEM32\apphelp.dll
0x00007ffec6570000 - 0x00007ffec6609000 	C:\WINDOWS\system32\uxtheme.dll
0x00007ffeca610000 - 0x00007ffeca745000 	C:\WINDOWS\System32\MSCTF.dll
0x00007ffecab40000 - 0x00007ffecac96000 	C:\WINDOWS\System32\ole32.dll
0x00007ffec6840000 - 0x00007ffec686d000 	C:\WINDOWS\system32\DWMAPI.DLL
0x00007ffeac1b0000 - 0x00007ffeac1f9000 	C:\Program Files\Java\jdk1.8.0_211\jre\bin\fontmanager.dll
0x00007ffeb8550000 - 0x00007ffeb86a6000 	C:\WINDOWS\system32\opengl32.dll
0x00007ffec0ce0000 - 0x00007ffec0d0c000 	C:\WINDOWS\SYSTEM32\GLU32.dll
0x00007ffec6c00000 - 0x00007ffec6c20000 	C:\WINDOWS\SYSTEM32\dxcore.dll
0x00007ffeca750000 - 0x00007ffeca7f2000 	C:\WINDOWS\System32\clbcatq.dll
0x00007ffec07e0000 - 0x00007ffec098f000 	C:\WINDOWS\SYSTEM32\WindowsCodecs.dll
0x00007ffeb3ed0000 - 0x00007ffeb3f0a000 	C:\WINDOWS\system32\dataexchange.dll
0x00007ffec4f60000 - 0x00007ffec513b000 	C:\WINDOWS\system32\dcomp.dll
0x00007ffec4c30000 - 0x00007ffec4e8b000 	C:\WINDOWS\system32\d3d11.dll
0x00007ffec6c20000 - 0x00007ffec6d0b000 	C:\WINDOWS\system32\dxgi.dll
0x00007ffec6310000 - 0x00007ffec656a000 	C:\WINDOWS\system32\twinapi.appcore.dll
0x00007ffec6810000 - 0x00007ffec6839000 	C:\WINDOWS\system32\RMCLIENT.dll
0x00007ffeb9a70000 - 0x00007ffeb9a8a000 	C:\Program Files\Java\jdk1.8.0_211\jre\bin\net.dll
0x00007ffeb9360000 - 0x00007ffeb9536000 	C:\WINDOWS\SYSTEM32\urlmon.dll
0x00007ffeb90b0000 - 0x00007ffeb9356000 	C:\WINDOWS\SYSTEM32\iertutil.dll
0x00007ffec79d0000 - 0x00007ffec79dc000 	C:\WINDOWS\SYSTEM32\CRYPTBASE.DLL
0x00007ffec7800000 - 0x00007ffec7867000 	C:\WINDOWS\system32\mswsock.dll
0x00007ffeb9a50000 - 0x00007ffeb9a62000 	C:\Program Files\Java\jdk1.8.0_211\jre\bin\nio.dll
0x00007ffea6de0000 - 0x00007ffea6e22000 	C:\Program Files\Java\jdk1.8.0_211\jre\bin\t2k.dll
0x0000000069340000 - 0x00000000693c5000 	C:\Users\Vianey\AppData\Local\Temp\sqlite-3.7.2-sqlitejdbc.dll
0x00007ffec0ad0000 - 0x00007ffec0b6e000 	C:\WINDOWS\System32\TextInputFramework.dll
0x00007ffec1860000 - 0x00007ffec1b8a000 	C:\WINDOWS\System32\CoreUIComponents.dll
0x00007ffec5140000 - 0x00007ffec5214000 	C:\WINDOWS\System32\CoreMessaging.dll
0x00007ffec6fc0000 - 0x00007ffec6ff1000 	C:\WINDOWS\SYSTEM32\ntmarta.dll
0x00007ffec3c00000 - 0x00007ffec3d53000 	C:\WINDOWS\SYSTEM32\wintypes.dll
0x00007ffea91e0000 - 0x00007ffea920a000 	C:\Program Files\Java\jdk1.8.0_211\jre\bin\dcpr.dll
0x00007ffeb4c10000 - 0x00007ffeb4e04000 	C:\WINDOWS\SYSTEM32\dbghelp.dll

VM Arguments:
jvm_args: -Dfile.encoding=UTF-8 
java_command: Ventanas.RegistroUser
java_class_path (initial): C:\Users\Vianey\Desktop\PROYECTO.HRAEI\sqlite-jdbc-3.7.2.jar;C:\Users\Vianey\Desktop\ProyectoHRAEI\build\classes
Launcher Type: SUN_STANDARD

Environment Variables:
PATH=C:\Program Files (x86)\Intel\iCLS Client\;C:\Program Files\Intel\iCLS Client\;C:\Program Files (x86)\Common Files\Oracle\Java\javapath;C:\Program Files\Haskell\bin;C:\Program Files\Haskell Platform\8.6.3\lib\extralibs\bin;C:\Program Files\Haskell Platform\8.6.3\bin;C:\WINDOWS\system32;C:\WINDOWS;C:\WINDOWS\System32\Wbem;C:\WINDOWS\System32\WindowsPowerShell\v1.0\;C:\Program Files (x86)\Intel\Intel(R) Management Engine Components\DAL;C:\Program Files\Intel\Intel(R) Management Engine Components\DAL;C:\Program Files (x86)\Intel\Intel(R) Management Engine Components\IPT;C:\Program Files\Intel\Intel(R) Management Engine Components\IPT;C:\WINDOWS\System32\OpenSSH\;C:\Program Files\Haskell Platform\8.6.3\mingw\bin;C:\Users\Vianey\Desktop\PROYECTO.HRAEI\sqlite-jdbc-3.7.2.jar;C:\Users\Vianey\AppData\Roaming\cabal\bin;C:\Users\Vianey\AppData\Roaming\local\bin;C:\Users\Vianey\AppData\Local\Microsoft\WindowsApps;C:\Users\Vianey\Desktop\PROYECTO.HRAEI\Sqliteman-1.2.2\sqlite3.exe;
USERNAME=Vianey
OS=Windows_NT
PROCESSOR_IDENTIFIER=Intel64 Family 6 Model 142 Stepping 9, GenuineIntel



---------------  S Y S T E M  ---------------

OS: Windows 10.0 , 64 bit Build 18362 (10.0.18362.329)

CPU:total 4 (initial active 4) (2 cores per cpu, 2 threads per core) family 6 model 142 stepping 9, cmov, cx8, fxsr, mmx, sse, sse2, sse3, ssse3, sse4.1, sse4.2, popcnt, avx, avx2, aes, clmul, erms, 3dnowpref, lzcnt, ht, tsc, tscinvbit, bmi1, bmi2, adx

Memory: 4k page, physical 16246456k(9536040k free), swap 20132228k(11640364k free)

vm_info: Java HotSpot(TM) 64-Bit Server VM (25.211-b12) for windows-amd64 JRE (1.8.0_211-b12), built on Apr  1 2019 20:53:26 by "java_re" with MS VC++ 10.0 (VS2010)

time: Fri Mar 06 21:36:30 2020
timezone: Hora estándar central (México)
elapsed time: 5 seconds (0d 0h 0m 5s)

