#
# A fatal error has been detected by the Java Runtime Environment:
#
#  EXCEPTION_ACCESS_VIOLATION (0xc0000005) at pc=0x0000000071bd6182, pid=6576, tid=0x00000000000028a0
#
# JRE version: Java(TM) SE Runtime Environment (8.0_211-b12) (build 1.8.0_211-b12)
# Java VM: Java HotSpot(TM) 64-Bit Server VM (25.211-b12 mixed mode windows-amd64 compressed oops)
# Problematic frame:
# V  [jvm.dll+0x146182]
#
# Failed to write core dump. Minidumps are not enabled by default on client versions of Windows
#
# If you would like to submit a bug report, please visit:
#   http://bugreport.java.com/bugreport/crash.jsp
#

---------------  T H R E A D  ---------------

Current thread (0x000000001e36e800):  JavaThread "AWT-EventQueue-0" [_thread_in_vm, id=10400, stack(0x000000001fb80000,0x000000001fc80000)]

siginfo: ExceptionCode=0xc0000005, reading address 0x0000000000000000

Registers:
RAX=0x0000000000000000, RBX=0x000000001e36e800, RCX=0x0000000000000e80, RDX=0x0000000000000000
RSP=0x000000001fc7c800, RBP=0x0000000000000000, RSI=0x0000000000000000, RDI=0x0000000000000000
R8 =0x0000000000000000, R9 =0x000000076e50ffe8, R10=0x0000000000000010, R11=0x00000000722a7940
R12=0x000000001fc7c9a0, R13=0x0000000020727d58, R14=0x000000001fc7c9a0, R15=0x000000001e36e800
RIP=0x0000000071bd6182, EFLAGS=0x0000000000010202

Top of Stack: (sp=0x000000001fc7c800)
0x000000001fc7c800:   000000001fc7c800 000000001bd9e65b
0x000000001fc7c810:   000000001fc7c850 000000001bd9e9f8
0x000000001fc7c820:   000000001e36e800 0000000000000000
0x000000001fc7c830:   0000000000000000 0000000069341599
0x000000001fc7c840:   000000001fc7c8a8 00000000033f835d
0x000000001fc7c850:   000000076d593360 0000000000000001
0x000000001fc7c860:   0000000000000000 000000001e36e9f8
0x000000001fc7c870:   0000000000000002 0000000069342090
0x000000001fc7c880:   00000000208d4ec8 0000000000000000
0x000000001fc7c890:   000000001bd76910 000000001e36e9f8
0x000000001fc7c8a0:   000000001fc7c8b8 000000001fc7c910
0x000000001fc7c8b0:   00000000033f835d 000000076d58e9e8
0x000000001fc7c8c0:   0000000020727d60 0000000000000002
0x000000001fc7c8d0:   00000000033f835d 000000001fc7c978
0x000000001fc7c8e0:   0000000000000000 00000000034097db
0x000000001fc7c8f0:   0000000000000000 000000001bd9aa90 

Instructions: (pc=0x0000000071bd6182)
0x0000000071bd6162:   89 5c 24 20 48 89 74 24 28 48 39 73 08 74 0a 48
0x0000000071bd6172:   8d 4c 24 20 e8 05 8c 13 00 40 38 35 be 07 6d 00
0x0000000071bd6182:   48 8b 3f 48 63 05 08 67 6b 00 74 1b 8b 0c 38 85
0x0000000071bd6192:   c9 74 7c 8b c1 8b 0d bb 36 66 00 48 d3 e0 48 03 


Register to memory mapping:

RAX=0x0000000000000000 is an unknown value
RBX=0x000000001e36e800 is a thread
RCX=0x0000000000000e80 is an unknown value
RDX=0x0000000000000000 is an unknown value
RSP=0x000000001fc7c800 is pointing into the stack for thread: 0x000000001e36e800
RBP=0x0000000000000000 is an unknown value
RSI=0x0000000000000000 is an unknown value
RDI=0x0000000000000000 is an unknown value
R8 =0x0000000000000000 is an unknown value
R9 =0x000000076e50ffe8 is an oop
org.sqlite.NativeDB 
 - klass: 'org/sqlite/NativeDB'
R10=0x0000000000000010 is an unknown value
R11=0x00000000722a7940 is an unknown value
R12=0x000000001fc7c9a0 is pointing into the stack for thread: 0x000000001e36e800
R13=0x0000000020727d58 is pointing into metadata
R14=0x000000001fc7c9a0 is pointing into the stack for thread: 0x000000001e36e800
R15=0x000000001e36e800 is a thread


Stack: [0x000000001fb80000,0x000000001fc80000],  sp=0x000000001fc7c800,  free space=1010k
Native frames: (J=compiled Java code, j=interpreted, Vv=VM code, C=native code)

Java frames: (J=compiled Java code, j=interpreted, Vv=VM code)
j  org.sqlite.NativeDB.prepare(Ljava/lang/String;)J+0
j  org.sqlite.DB.prepare(Lorg/sqlite/Stmt;)V+21
j  org.sqlite.Stmt.executeQuery(Ljava/lang/String;)Ljava/sql/ResultSet;+14
j  Operaciones.Operaciones.consultar(Ljava/lang/String;)Ljava/sql/ResultSet;+13
j  Ventanas.RegistroUser.jButton1ActionPerformed(Ljava/awt/event/ActionEvent;)V+22
j  Ventanas.RegistroUser.access$200(LVentanas/RegistroUser;Ljava/awt/event/ActionEvent;)V+2
j  Ventanas.RegistroUser$3.actionPerformed(Ljava/awt/event/ActionEvent;)V+5
j  javax.swing.AbstractButton.fireActionPerformed(Ljava/awt/event/ActionEvent;)V+83
j  javax.swing.AbstractButton$Handler.actionPerformed(Ljava/awt/event/ActionEvent;)V+5
j  javax.swing.DefaultButtonModel.fireActionPerformed(Ljava/awt/event/ActionEvent;)V+34
j  javax.swing.DefaultButtonModel.setPressed(Z)V+117
j  javax.swing.plaf.basic.BasicButtonListener.mouseReleased(Ljava/awt/event/MouseEvent;)V+35
j  java.awt.Component.processMouseEvent(Ljava/awt/event/MouseEvent;)V+64
j  javax.swing.JComponent.processMouseEvent(Ljava/awt/event/MouseEvent;)V+23
j  java.awt.Component.processEvent(Ljava/awt/AWTEvent;)V+81
j  java.awt.Container.processEvent(Ljava/awt/AWTEvent;)V+18
j  java.awt.Component.dispatchEventImpl(Ljava/awt/AWTEvent;)V+589
J 1040 C1 java.awt.Container.dispatchEventImpl(Ljava/awt/AWTEvent;)V (129 bytes) @ 0x000000000375194c [0x0000000003751800+0x14c]
j  java.awt.Component.dispatchEvent(Ljava/awt/AWTEvent;)V+2
j  java.awt.LightweightDispatcher.retargetMouseEvent(Ljava/awt/Component;ILjava/awt/event/MouseEvent;)V+349
j  java.awt.LightweightDispatcher.processMouseEvent(Ljava/awt/event/MouseEvent;)Z+155
j  java.awt.LightweightDispatcher.dispatchEvent(Ljava/awt/AWTEvent;)Z+50
J 1040 C1 java.awt.Container.dispatchEventImpl(Ljava/awt/AWTEvent;)V (129 bytes) @ 0x00000000037518ec [0x0000000003751800+0xec]
j  java.awt.Window.dispatchEventImpl(Ljava/awt/AWTEvent;)V+19
J 1029 C1 java.awt.EventQueue.dispatchEventImpl(Ljava/awt/AWTEvent;Ljava/lang/Object;)V (149 bytes) @ 0x000000000374c13c [0x000000000374a8c0+0x187c]
j  java.awt.EventQueue.access$500(Ljava/awt/EventQueue;Ljava/awt/AWTEvent;Ljava/lang/Object;)V+3
j  java.awt.EventQueue$3.run()Ljava/lang/Void;+32
j  java.awt.EventQueue$3.run()Ljava/lang/Object;+1
v  ~StubRoutines::call_stub
J 909  java.security.AccessController.doPrivileged(Ljava/security/PrivilegedAction;Ljava/security/AccessControlContext;)Ljava/lang/Object; (0 bytes) @ 0x0000000003707466 [0x0000000003707400+0x66]
J 918 C1 java.security.ProtectionDomain$JavaSecurityAccessImpl.doIntersectionPrivilege(Ljava/security/PrivilegedAction;Ljava/security/AccessControlContext;Ljava/security/AccessControlContext;)Ljava/lang/Object; (22 bytes) @ 0x000000000370a17c [0x0000000003709d00+0x47c]
j  java.security.ProtectionDomain$JavaSecurityAccessImpl.doIntersectionPrivilege(Ljava/security/PrivilegedAction;Ljava/security/AccessControlContext;)Ljava/lang/Object;+6
j  java.awt.EventQueue$4.run()Ljava/lang/Void;+11
j  java.awt.EventQueue$4.run()Ljava/lang/Object;+1
v  ~StubRoutines::call_stub
J 909  java.security.AccessController.doPrivileged(Ljava/security/PrivilegedAction;Ljava/security/AccessControlContext;)Ljava/lang/Object; (0 bytes) @ 0x0000000003707466 [0x0000000003707400+0x66]
J 1027 C1 java.awt.EventQueue.dispatchEvent(Ljava/awt/AWTEvent;)V (80 bytes) @ 0x00000000037492fc [0x0000000003748440+0xebc]
j  java.awt.EventDispatchThread.pumpOneEventForFilters(I)V+140
j  java.awt.EventDispatchThread.pumpEventsForFilter(ILjava/awt/Conditional;Ljava/awt/EventFilter;)V+35
j  java.awt.EventDispatchThread.pumpEventsForHierarchy(ILjava/awt/Conditional;Ljava/awt/Component;)V+11
j  java.awt.EventDispatchThread.pumpEvents(ILjava/awt/Conditional;)V+4
j  java.awt.EventDispatchThread.pumpEvents(Ljava/awt/Conditional;)V+3
j  java.awt.EventDispatchThread.run()V+9
v  ~StubRoutines::call_stub

---------------  P R O C E S S  ---------------

Java Threads: ( => current thread )
  0x00000000031ee000 JavaThread "DestroyJavaVM" [_thread_blocked, id=13168, stack(0x00000000031f0000,0x00000000032f0000)]
=>0x000000001e36e800 JavaThread "AWT-EventQueue-0" [_thread_in_vm, id=10400, stack(0x000000001fb80000,0x000000001fc80000)]
  0x000000001e362800 JavaThread "AWT-Windows" daemon [_thread_in_native, id=6380, stack(0x000000001f110000,0x000000001f210000)]
  0x000000001e360000 JavaThread "AWT-Shutdown" [_thread_blocked, id=10880, stack(0x000000001f010000,0x000000001f110000)]
  0x000000001e35f000 JavaThread "Java2D Disposer" daemon [_thread_blocked, id=10676, stack(0x000000001ef10000,0x000000001f010000)]
  0x000000001dfd8800 JavaThread "Service Thread" daemon [_thread_blocked, id=13600, stack(0x000000001e3a0000,0x000000001e4a0000)]
  0x000000001c622000 JavaThread "C1 CompilerThread2" daemon [_thread_blocked, id=16268, stack(0x000000001dea0000,0x000000001dfa0000)]
  0x000000001c61e000 JavaThread "C2 CompilerThread1" daemon [_thread_blocked, id=6156, stack(0x000000001dda0000,0x000000001dea0000)]
  0x000000001c617800 JavaThread "C2 CompilerThread0" daemon [_thread_blocked, id=8140, stack(0x000000001dca0000,0x000000001dda0000)]
  0x000000001c614000 JavaThread "Attach Listener" daemon [_thread_blocked, id=6028, stack(0x000000001dba0000,0x000000001dca0000)]
  0x000000001c613000 JavaThread "Signal Dispatcher" daemon [_thread_blocked, id=11784, stack(0x000000001daa0000,0x000000001dba0000)]
  0x00000000033ec000 JavaThread "Finalizer" daemon [_thread_blocked, id=12440, stack(0x000000001d880000,0x000000001d980000)]
  0x00000000033e3000 JavaThread "Reference Handler" daemon [_thread_blocked, id=13140, stack(0x000000001d780000,0x000000001d880000)]

Other Threads:
  0x000000001c5d8000 VMThread [stack: 0x000000001d680000,0x000000001d780000] [id=2752]
  0x000000001dff9000 WatcherThread [stack: 0x000000001e610000,0x000000001e710000] [id=5940]

VM state:not at safepoint (normal execution)

VM Mutex/Monitor currently owned by a thread: None

heap address: 0x00000006c8000000, size: 3968 MB, Compressed Oops mode: Zero based, Oop shift amount: 3
Narrow klass base: 0x0000000000000000, Narrow klass shift: 3
Compressed class space size: 1073741824 Address: 0x00000007c0000000

Heap:
 PSYoungGen      total 74240K, used 16329K [0x000000076d580000, 0x0000000772800000, 0x00000007c0000000)
  eden space 64000K, 25% used [0x000000076d580000,0x000000076e572570,0x0000000771400000)
  from space 10240K, 0% used [0x0000000771e00000,0x0000000771e00000,0x0000000772800000)
  to   space 10240K, 0% used [0x0000000771400000,0x0000000771400000,0x0000000771e00000)
 ParOldGen       total 169472K, used 0K [0x00000006c8000000, 0x00000006d2580000, 0x000000076d580000)
  object space 169472K, 0% used [0x00000006c8000000,0x00000006c8000000,0x00000006d2580000)
 Metaspace       used 13494K, capacity 13682K, committed 13952K, reserved 1060864K
  class space    used 1744K, capacity 1811K, committed 1920K, reserved 1048576K

Card table byte_map: [0x00000000127b0000,0x0000000012f80000] byte_map_base: 0x000000000f170000

Marking Bits: (ParMarkBitMap*) 0x00000000722b5ce0
 Begin Bits: [0x00000000138b0000, 0x00000000176b0000)
 End Bits:   [0x00000000176b0000, 0x000000001b4b0000)

Polling page: 0x0000000001350000

CodeCache: size=245760Kb used=3564Kb max_used=3564Kb free=242195Kb
 bounds [0x00000000033f0000, 0x0000000003770000, 0x00000000123f0000]
 total_blobs=1573 nmethods=1075 adapters=410
 compilation: enabled

Compilation events (10 events):
Event: 4.197 Thread 0x000000001c622000 nmethod 1069 0x0000000003767f90 code [0x00000000037680e0, 0x00000000037681f0]
Event: 4.198 Thread 0x000000001c622000 1070       3       java.awt.Component::repaint (16 bytes)
Event: 4.199 Thread 0x000000001c622000 nmethod 1070 0x0000000003768250 code [0x00000000037683c0, 0x00000000037685e8]
Event: 4.199 Thread 0x000000001c622000 1071       3       javax.swing.JComponent::revalidate (53 bytes)
Event: 4.199 Thread 0x000000001c61e000 1073       4       java.awt.Component::getParent (5 bytes)
Event: 4.199 Thread 0x000000001c61e000 nmethod 1073 0x000000000376b2d0 code [0x000000000376b400, 0x000000000376b478]
Event: 4.200 Thread 0x000000001c622000 nmethod 1071 0x0000000003768e50 code [0x0000000003769160, 0x000000000376a888]
Event: 4.200 Thread 0x000000001c622000 1072       1       javax.swing.JComponent::isValidateRoot (2 bytes)
Event: 4.200 Thread 0x000000001c622000 nmethod 1072 0x0000000003768b90 code [0x0000000003768ce0, 0x0000000003768df0]
Event: 4.200 Thread 0x000000001c622000 1074       3       java.io.WinNTFileSystem::prefixLength (91 bytes)

GC Heap History (0 events):
No events

Deoptimization events (7 events):
Event: 0.171 Thread 0x00000000031ee000 Uncommon trap: reason=null_check action=make_not_entrant pc=0x000000000355e33c method=java.lang.String.equals(Ljava/lang/Object;)Z @ 8
Event: 0.324 Thread 0x000000001e362800 Uncommon trap: reason=unstable_if action=reinterpret pc=0x00000000035e722c method=java.util.HashMap.putVal(ILjava/lang/Object;Ljava/lang/Object;ZZ)Ljava/lang/Object; @ 206
Event: 0.324 Thread 0x000000001e362800 Uncommon trap: reason=unstable_if action=reinterpret pc=0x00000000035dbce4 method=java.util.HashMap.putVal(ILjava/lang/Object;Ljava/lang/Object;ZZ)Ljava/lang/Object; @ 206
Event: 0.416 Thread 0x000000001e36e800 Uncommon trap: reason=unstable_if action=reinterpret pc=0x000000000365b9b0 method=java.io.BufferedInputStream.read()I @ 8
Event: 0.439 Thread 0x000000001e36e800 Uncommon trap: reason=unstable_if action=reinterpret pc=0x0000000003667028 method=java.security.DigestInputStream.read()I @ 17
Event: 0.439 Thread 0x000000001e36e800 Uncommon trap: reason=unstable_if action=reinterpret pc=0x000000000365f8f4 method=sun.security.provider.DigestBase.engineUpdate(B)V @ 4
Event: 0.459 Thread 0x000000001e36e800 Uncommon trap: reason=unstable_if action=reinterpret pc=0x000000000365a8e0 method=java.security.DigestInputStream.read()I @ 17

Classes redefined (0 events):
No events

Internal exceptions (10 events):
Event: 0.214 Thread 0x00000000031ee000 Exception <a 'java/lang/ClassNotFoundException': ToggleButton> (0x000000076dabf658) thrown at [C:\re\workspace\8-2-build-windows-amd64-cygwin\jdk8u211\12973\hotspot\src\share\vm\classfile\systemDictionary.cpp, line 210]
Event: 0.214 Thread 0x00000000031ee000 Exception <a 'java/lang/ClassNotFoundException': javax/swing/JToolBarSeparator> (0x000000076dabfab8) thrown at [C:\re\workspace\8-2-build-windows-amd64-cygwin\jdk8u211\12973\hotspot\src\share\vm\classfile\systemDictionary.cpp, line 210]
Event: 0.214 Thread 0x00000000031ee000 Exception <a 'java/lang/ClassNotFoundException': ToolBarSeparator> (0x000000076dabff50) thrown at [C:\re\workspace\8-2-build-windows-amd64-cygwin\jdk8u211\12973\hotspot\src\share\vm\classfile\systemDictionary.cpp, line 210]
Event: 0.214 Thread 0x00000000031ee000 Exception <a 'java/lang/ClassNotFoundException': ToolTip> (0x000000076dac0690) thrown at [C:\re\workspace\8-2-build-windows-amd64-cygwin\jdk8u211\12973\hotspot\src\share\vm\classfile\systemDictionary.cpp, line 210]
Event: 0.216 Thread 0x00000000031ee000 Exception <a 'java/lang/ClassNotFoundException': Tree> (0x000000076dac12b0) thrown at [C:\re\workspace\8-2-build-windows-amd64-cygwin\jdk8u211\12973\hotspot\src\share\vm\classfile\systemDictionary.cpp, line 210]
Event: 0.216 Thread 0x00000000031ee000 Exception <a 'java/lang/ClassNotFoundException': Tree> (0x000000076dac19f0) thrown at [C:\re\workspace\8-2-build-windows-amd64-cygwin\jdk8u211\12973\hotspot\src\share\vm\classfile\systemDictionary.cpp, line 210]
Event: 0.216 Thread 0x00000000031ee000 Exception <a 'java/lang/ClassNotFoundException': javax/swing/JTreeCell> (0x000000076dac1d70) thrown at [C:\re\workspace\8-2-build-windows-amd64-cygwin\jdk8u211\12973\hotspot\src\share\vm\classfile\systemDictionary.cpp, line 210]
Event: 0.216 Thread 0x00000000031ee000 Exception <a 'java/lang/ClassNotFoundException': TreeCell> (0x000000076dac21f8) thrown at [C:\re\workspace\8-2-build-windows-amd64-cygwin\jdk8u211\12973\hotspot\src\share\vm\classfile\systemDictionary.cpp, line 210]
Event: 0.216 Thread 0x00000000031ee000 Exception <a 'java/lang/ClassNotFoundException': RootPane> (0x000000076dac2c58) thrown at [C:\re\workspace\8-2-build-windows-amd64-cygwin\jdk8u211\12973\hotspot\src\share\vm\classfile\systemDictionary.cpp, line 210]
Event: 0.439 Thread 0x000000001e36e800 Implicit null exception at 0x000000000365f60f to 0x000000000365f8e1

Events (10 events):
Event: 2.593 loading class java/awt/Scrollbar
Event: 2.623 loading class java/awt/Scrollbar done
Event: 2.961 loading class javax/swing/RepaintManager$3
Event: 2.962 loading class javax/swing/RepaintManager$3 done
Event: 4.116 Executing VM operation: EnableBiasedLocking
Event: 4.116 Executing VM operation: EnableBiasedLocking done
Event: 4.198 loading class javax/swing/table/TableColumn
Event: 4.198 loading class javax/swing/table/TableColumn done
Event: 4.198 loading class javax/swing/event/TableColumnModelEvent
Event: 4.198 loading class javax/swing/event/TableColumnModelEvent done


Dynamic libraries:
0x00007ff66caa0000 - 0x00007ff66cad7000 	C:\Program Files\Java\jdk1.8.0_211\bin\java.exe
0x00007ffecb0c0000 - 0x00007ffecb2b0000 	C:\WINDOWS\SYSTEM32\ntdll.dll
0x00007ffecaf50000 - 0x00007ffecb002000 	C:\WINDOWS\System32\KERNEL32.DLL
0x00007ffec8050000 - 0x00007ffec82f3000 	C:\WINDOWS\System32\KERNELBASE.dll
0x00007ffec91d0000 - 0x00007ffec9273000 	C:\WINDOWS\System32\ADVAPI32.dll
0x00007ffec9280000 - 0x00007ffec931e000 	C:\WINDOWS\System32\msvcrt.dll
0x00007ffeca3f0000 - 0x00007ffeca487000 	C:\WINDOWS\System32\sechost.dll
0x00007ffec9bb0000 - 0x00007ffec9cd0000 	C:\WINDOWS\System32\RPCRT4.dll
0x00007ffec9a10000 - 0x00007ffec9ba4000 	C:\WINDOWS\System32\USER32.dll
0x00007ffec9140000 - 0x00007ffec9161000 	C:\WINDOWS\System32\win32u.dll
0x00007ffec9cd0000 - 0x00007ffec9cf6000 	C:\WINDOWS\System32\GDI32.dll
0x00007ffec8f70000 - 0x00007ffec9104000 	C:\WINDOWS\System32\gdi32full.dll
0x00007ffec8c50000 - 0x00007ffec8cee000 	C:\WINDOWS\System32\msvcp_win.dll
0x00007ffec8aa0000 - 0x00007ffec8b9a000 	C:\WINDOWS\System32\ucrtbase.dll
0x00007ffeb6ec0000 - 0x00007ffeb7145000 	C:\WINDOWS\WinSxS\amd64_microsoft.windows.common-controls_6595b64144ccf1df_6.0.18362.657_none_e6c5b579130e3898\COMCTL32.dll
0x00007ffeca800000 - 0x00007ffecab36000 	C:\WINDOWS\System32\combase.dll
0x00007ffec8ef0000 - 0x00007ffec8f70000 	C:\WINDOWS\System32\bcryptPrimitives.dll
0x00007ffecaca0000 - 0x00007ffecacce000 	C:\WINDOWS\System32\IMM32.DLL
0x00000000728d0000 - 0x00000000729a2000 	C:\Program Files\Java\jdk1.8.0_211\jre\bin\msvcr100.dll
0x0000000071a90000 - 0x0000000072335000 	C:\Program Files\Java\jdk1.8.0_211\jre\bin\server\jvm.dll
0x00007ffeca4c0000 - 0x00007ffeca4c8000 	C:\WINDOWS\System32\PSAPI.DLL
0x00007ffec0ac0000 - 0x00007ffec0ac9000 	C:\WINDOWS\SYSTEM32\WSOCK32.dll
0x00007ffec6040000 - 0x00007ffec6064000 	C:\WINDOWS\SYSTEM32\WINMM.dll
0x00007ffeca5a0000 - 0x00007ffeca60f000 	C:\WINDOWS\System32\WS2_32.dll
0x00007ffec38a0000 - 0x00007ffec38aa000 	C:\WINDOWS\SYSTEM32\VERSION.dll
0x00007ffec6010000 - 0x00007ffec603d000 	C:\WINDOWS\SYSTEM32\winmmbase.dll
0x00007ffec8e40000 - 0x00007ffec8e8a000 	C:\WINDOWS\System32\cfgmgr32.dll
0x00007ffec6080000 - 0x00007ffec608f000 	C:\Program Files\Java\jdk1.8.0_211\jre\bin\verify.dll
0x00007ffec0d30000 - 0x00007ffec0d59000 	C:\Program Files\Java\jdk1.8.0_211\jre\bin\java.dll
0x00007ffec0d10000 - 0x00007ffec0d26000 	C:\Program Files\Java\jdk1.8.0_211\jre\bin\zip.dll
0x00007ffec9d00000 - 0x00007ffeca3e5000 	C:\WINDOWS\System32\SHELL32.dll
0x00007ffecad50000 - 0x00007ffecadf9000 	C:\WINDOWS\System32\shcore.dll
0x00007ffec8300000 - 0x00007ffec8a7f000 	C:\WINDOWS\System32\windows.storage.dll
0x00007ffec7ff0000 - 0x00007ffec800f000 	C:\WINDOWS\System32\profapi.dll
0x00007ffec7fa0000 - 0x00007ffec7fea000 	C:\WINDOWS\System32\powrprof.dll
0x00007ffec7f90000 - 0x00007ffec7fa0000 	C:\WINDOWS\System32\UMPDC.dll
0x00007ffec9170000 - 0x00007ffec91c2000 	C:\WINDOWS\System32\shlwapi.dll
0x00007ffec8030000 - 0x00007ffec8041000 	C:\WINDOWS\System32\kernel.appcore.dll
0x00007ffec8a80000 - 0x00007ffec8a97000 	C:\WINDOWS\System32\cryptsp.dll
0x00007ffe9ef60000 - 0x00007ffe9f0f9000 	C:\Program Files\Java\jdk1.8.0_211\jre\bin\awt.dll
0x00007ffecae00000 - 0x00007ffecaec4000 	C:\WINDOWS\System32\OLEAUT32.dll
0x00007ffec6240000 - 0x00007ffec62cf000 	C:\WINDOWS\SYSTEM32\apphelp.dll
0x00007ffec6570000 - 0x00007ffec6609000 	C:\WINDOWS\system32\uxtheme.dll
0x00007ffeca610000 - 0x00007ffeca745000 	C:\WINDOWS\System32\MSCTF.dll
0x00007ffecab40000 - 0x00007ffecac96000 	C:\WINDOWS\System32\ole32.dll
0x00007ffec6840000 - 0x00007ffec686d000 	C:\WINDOWS\system32\DWMAPI.DLL
0x00007ffeac1b0000 - 0x00007ffeac1f9000 	C:\Program Files\Java\jdk1.8.0_211\jre\bin\fontmanager.dll
0x00007ffeb8550000 - 0x00007ffeb86a6000 	C:\WINDOWS\system32\opengl32.dll
0x00007ffec0ce0000 - 0x00007ffec0d0c000 	C:\WINDOWS\SYSTEM32\GLU32.dll
0x00007ffec6c00000 - 0x00007ffec6c20000 	C:\WINDOWS\SYSTEM32\dxcore.dll
0x00007ffeca750000 - 0x00007ffeca7f2000 	C:\WINDOWS\System32\clbcatq.dll
0x00007ffec07e0000 - 0x00007ffec098f000 	C:\WINDOWS\SYSTEM32\WindowsCodecs.dll
0x00007ffeb3ed0000 - 0x00007ffeb3f0a000 	C:\WINDOWS\system32\dataexchange.dll
0x00007ffec4c30000 - 0x00007ffec4e8b000 	C:\WINDOWS\system32\d3d11.dll
0x00007ffec4f60000 - 0x00007ffec513b000 	C:\WINDOWS\system32\dcomp.dll
0x00007ffec6c20000 - 0x00007ffec6d0b000 	C:\WINDOWS\system32\dxgi.dll
0x00007ffec6310000 - 0x00007ffec656a000 	C:\WINDOWS\system32\twinapi.appcore.dll
0x00007ffec6810000 - 0x00007ffec6839000 	C:\WINDOWS\system32\RMCLIENT.dll
0x00007ffeb9a70000 - 0x00007ffeb9a8a000 	C:\Program Files\Java\jdk1.8.0_211\jre\bin\net.dll
0x00007ffeb9360000 - 0x00007ffeb9536000 	C:\WINDOWS\SYSTEM32\urlmon.dll
0x00007ffeb90b0000 - 0x00007ffeb9356000 	C:\WINDOWS\SYSTEM32\iertutil.dll
0x00007ffec79d0000 - 0x00007ffec79dc000 	C:\WINDOWS\SYSTEM32\CRYPTBASE.DLL
0x00007ffec7800000 - 0x00007ffec7867000 	C:\WINDOWS\system32\mswsock.dll
0x00007ffeb9a50000 - 0x00007ffeb9a62000 	C:\Program Files\Java\jdk1.8.0_211\jre\bin\nio.dll
0x00007ffea6de0000 - 0x00007ffea6e22000 	C:\Program Files\Java\jdk1.8.0_211\jre\bin\t2k.dll
0x0000000069340000 - 0x00000000693c5000 	C:\Users\Vianey\AppData\Local\Temp\sqlite-3.7.2-sqlitejdbc.dll
0x00007ffec0ad0000 - 0x00007ffec0b6e000 	C:\WINDOWS\System32\TextInputFramework.dll
0x00007ffec5140000 - 0x00007ffec5214000 	C:\WINDOWS\System32\CoreMessaging.dll
0x00007ffec1860000 - 0x00007ffec1b8a000 	C:\WINDOWS\System32\CoreUIComponents.dll
0x00007ffec6fc0000 - 0x00007ffec6ff1000 	C:\WINDOWS\SYSTEM32\ntmarta.dll
0x00007ffec3c00000 - 0x00007ffec3d53000 	C:\WINDOWS\SYSTEM32\wintypes.dll
0x00007ffea91e0000 - 0x00007ffea920a000 	C:\Program Files\Java\jdk1.8.0_211\jre\bin\dcpr.dll
0x00007ffeb4c10000 - 0x00007ffeb4e04000 	C:\WINDOWS\SYSTEM32\dbghelp.dll

VM Arguments:
jvm_args: -Dfile.encoding=UTF-8 
java_command: Ventanas.RegistroUser
java_class_path (initial): C:\Users\Vianey\Desktop\PROYECTO.HRAEI\sqlite-jdbc-3.7.2.jar;C:\Users\Vianey\Desktop\ProyectoHRAEI\build\classes
Launcher Type: SUN_STANDARD

Environment Variables:
PATH=C:\Program Files (x86)\Intel\iCLS Client\;C:\Program Files\Intel\iCLS Client\;C:\Program Files (x86)\Common Files\Oracle\Java\javapath;C:\Program Files\Haskell\bin;C:\Program Files\Haskell Platform\8.6.3\lib\extralibs\bin;C:\Program Files\Haskell Platform\8.6.3\bin;C:\WINDOWS\system32;C:\WINDOWS;C:\WINDOWS\System32\Wbem;C:\WINDOWS\System32\WindowsPowerShell\v1.0\;C:\Program Files (x86)\Intel\Intel(R) Management Engine Components\DAL;C:\Program Files\Intel\Intel(R) Management Engine Components\DAL;C:\Program Files (x86)\Intel\Intel(R) Management Engine Components\IPT;C:\Program Files\Intel\Intel(R) Management Engine Components\IPT;C:\WINDOWS\System32\OpenSSH\;C:\Program Files\Haskell Platform\8.6.3\mingw\bin;C:\Users\Vianey\Desktop\PROYECTO.HRAEI\sqlite-jdbc-3.7.2.jar;C:\Users\Vianey\AppData\Roaming\cabal\bin;C:\Users\Vianey\AppData\Roaming\local\bin;C:\Users\Vianey\AppData\Local\Microsoft\WindowsApps;C:\Users\Vianey\Desktop\PROYECTO.HRAEI\Sqliteman-1.2.2\sqlite3.exe;
USERNAME=Vianey
OS=Windows_NT
PROCESSOR_IDENTIFIER=Intel64 Family 6 Model 142 Stepping 9, GenuineIntel



---------------  S Y S T E M  ---------------

OS: Windows 10.0 , 64 bit Build 18362 (10.0.18362.329)

CPU:total 4 (initial active 4) (2 cores per cpu, 2 threads per core) family 6 model 142 stepping 9, cmov, cx8, fxsr, mmx, sse, sse2, sse3, ssse3, sse4.1, sse4.2, popcnt, avx, avx2, aes, clmul, erms, 3dnowpref, lzcnt, ht, tsc, tscinvbit, bmi1, bmi2, adx

Memory: 4k page, physical 16246456k(9536168k free), swap 20132228k(11610588k free)

vm_info: Java HotSpot(TM) 64-Bit Server VM (25.211-b12) for windows-amd64 JRE (1.8.0_211-b12), built on Apr  1 2019 20:53:26 by "java_re" with MS VC++ 10.0 (VS2010)

time: Fri Mar 06 21:44:47 2020
timezone: Hora estándar central (México)
elapsed time: 4 seconds (0d 0h 0m 4s)

